<?xml version="1.0" encoding="UTF-8" standalone="yes"?><!DOCTYPE report PUBLIC "-//JACOCO//DTD Report 1.0//EN" "report.dtd"><report name="library"><sessioninfo id="DESKTOP-BVBGDLA-c6b822ae" start="1529996752769" dump="1529996797577"/><package name="universum/studios/android/transition/util"><class name="universum/studios/android/transition/util/AnimatorWrapper"><method name="&lt;init&gt;" desc="(Landroid/animation/Animator;)V" line="143"><counter type="INSTRUCTION" missed="0" covered="9"/><counter type="LINE" missed="0" covered="4"/><counter type="COMPLEXITY" missed="0" covered="1"/><counter type="METHOD" missed="0" covered="1"/></method><method name="getWrappedAnimator" desc="()Landroid/animation/Animator;" line="185"><counter type="INSTRUCTION" missed="0" covered="3"/><counter type="LINE" missed="0" covered="1"/><counter type="COMPLEXITY" missed="0" covered="1"/><counter type="METHOD" missed="0" covered="1"/></method><method name="requestFeatures" desc="(I)V" line="200"><counter type="INSTRUCTION" missed="0" covered="4"/><counter type="LINE" missed="0" covered="2"/><counter type="COMPLEXITY" missed="0" covered="1"/><counter type="METHOD" missed="0" covered="1"/></method><method name="requestFeature" desc="(I)V" line="213"><counter type="INSTRUCTION" missed="0" covered="7"/><counter type="LINE" missed="0" covered="2"/><counter type="COMPLEXITY" missed="0" covered="1"/><counter type="METHOD" missed="0" covered="1"/></method><method name="removeFeature" desc="(I)V" line="225"><counter type="INSTRUCTION" missed="0" covered="9"/><counter type="LINE" missed="0" covered="2"/><counter type="COMPLEXITY" missed="0" covered="1"/><counter type="METHOD" missed="0" covered="1"/></method><method name="hasFeature" desc="(I)Z" line="238"><counter type="INSTRUCTION" missed="0" covered="9"/><counter type="BRANCH" missed="0" covered="2"/><counter type="LINE" missed="0" covered="1"/><counter type="COMPLEXITY" missed="0" covered="2"/><counter type="METHOD" missed="0" covered="1"/></method><method name="addListener" desc="(Landroid/animation/Animator$AnimatorListener;)V" line="244"><counter type="INSTRUCTION" missed="0" covered="24"/><counter type="BRANCH" missed="0" covered="2"/><counter type="LINE" missed="0" covered="6"/><counter type="COMPLEXITY" missed="0" covered="2"/><counter type="METHOD" missed="0" covered="1"/></method><method name="removeListener" desc="(Landroid/animation/Animator$AnimatorListener;)V" line="255"><counter type="INSTRUCTION" missed="0" covered="20"/><counter type="BRANCH" missed="0" covered="2"/><counter type="LINE" missed="0" covered="6"/><counter type="COMPLEXITY" missed="0" covered="2"/><counter type="METHOD" missed="0" covered="1"/></method><method name="ensureListenerWrappers" desc="()V" line="267"><counter type="INSTRUCTION" missed="0" covered="10"/><counter type="BRANCH" missed="0" covered="2"/><counter type="LINE" missed="0" covered="2"/><counter type="COMPLEXITY" missed="0" covered="2"/><counter type="METHOD" missed="0" covered="1"/></method><method name="addPauseListener" desc="(Landroid/animation/Animator$AnimatorPauseListener;)V" line="277"><counter type="INSTRUCTION" missed="1" covered="42"/><counter type="BRANCH" missed="1" covered="9"/><counter type="LINE" missed="1" covered="9"/><counter type="COMPLEXITY" missed="1" covered="5"/><counter type="METHOD" missed="0" covered="1"/></method><method name="removePauseListener" desc="(Landroid/animation/Animator$AnimatorPauseListener;)V" line="295"><counter type="INSTRUCTION" missed="1" covered="24"/><counter type="BRANCH" missed="1" covered="5"/><counter type="LINE" missed="1" covered="7"/><counter type="COMPLEXITY" missed="1" covered="3"/><counter type="METHOD" missed="0" covered="1"/></method><method name="getListeners" desc="()Ljava/util/ArrayList;" line="310"><counter type="INSTRUCTION" missed="0" covered="15"/><counter type="BRANCH" missed="0" covered="2"/><counter type="LINE" missed="0" covered="2"/><counter type="COMPLEXITY" missed="0" covered="2"/><counter type="METHOD" missed="0" covered="1"/></method><method name="removeAllListeners" desc="()V" line="318"><counter type="INSTRUCTION" missed="0" covered="22"/><counter type="BRANCH" missed="0" covered="4"/><counter type="LINE" missed="0" covered="8"/><counter type="COMPLEXITY" missed="0" covered="3"/><counter type="METHOD" missed="0" covered="1"/></method><method name="setStartDelay" desc="(J)V" line="332"><counter type="INSTRUCTION" missed="0" covered="5"/><counter type="LINE" missed="0" covered="2"/><counter type="COMPLEXITY" missed="0" covered="1"/><counter type="METHOD" missed="0" covered="1"/></method><method name="getStartDelay" desc="()J" line="338"><counter type="INSTRUCTION" missed="0" covered="4"/><counter type="LINE" missed="0" covered="1"/><counter type="COMPLEXITY" missed="0" covered="1"/><counter type="METHOD" missed="0" covered="1"/></method><method name="setDuration" desc="(J)Landroid/animation/Animator;" line="344"><counter type="INSTRUCTION" missed="0" covered="7"/><counter type="LINE" missed="0" covered="2"/><counter type="COMPLEXITY" missed="0" covered="1"/><counter type="METHOD" missed="0" covered="1"/></method><method name="getDuration" desc="()J" line="351"><counter type="INSTRUCTION" missed="0" covered="4"/><counter type="LINE" missed="0" covered="1"/><counter type="COMPLEXITY" missed="0" covered="1"/><counter type="METHOD" missed="0" covered="1"/></method><method name="setInterpolator" desc="(Landroid/animation/TimeInterpolator;)V" line="357"><counter type="INSTRUCTION" missed="0" covered="5"/><counter type="LINE" missed="0" covered="2"/><counter type="COMPLEXITY" missed="0" covered="1"/><counter type="METHOD" missed="0" covered="1"/></method><method name="getInterpolator" desc="()Landroid/animation/TimeInterpolator;" line="364"><counter type="INSTRUCTION" missed="1" covered="8"/><counter type="BRANCH" missed="1" covered="1"/><counter type="LINE" missed="0" covered="1"/><counter type="COMPLEXITY" missed="1" covered="1"/><counter type="METHOD" missed="0" covered="1"/></method><method name="setTarget" desc="(Ljava/lang/Object;)V" line="370"><counter type="INSTRUCTION" missed="0" covered="5"/><counter type="LINE" missed="0" covered="2"/><counter type="COMPLEXITY" missed="0" covered="1"/><counter type="METHOD" missed="0" covered="1"/></method><method name="start" desc="()V" line="380"><counter type="INSTRUCTION" missed="0" covered="8"/><counter type="BRANCH" missed="0" covered="2"/><counter type="LINE" missed="0" covered="2"/><counter type="COMPLEXITY" missed="0" covered="2"/><counter type="METHOD" missed="0" covered="1"/></method><method name="isStarted" desc="()Z" line="386"><counter type="INSTRUCTION" missed="1" covered="10"/><counter type="BRANCH" missed="2" covered="2"/><counter type="LINE" missed="0" covered="1"/><counter type="COMPLEXITY" missed="2" covered="1"/><counter type="METHOD" missed="0" covered="1"/></method><method name="pause" desc="()V" line="396"><counter type="INSTRUCTION" missed="1" covered="11"/><counter type="BRANCH" missed="1" covered="3"/><counter type="LINE" missed="1" covered="4"/><counter type="COMPLEXITY" missed="1" covered="2"/><counter type="METHOD" missed="0" covered="1"/></method><method name="isPaused" desc="()Z" line="407"><counter type="INSTRUCTION" missed="1" covered="10"/><counter type="BRANCH" missed="2" covered="2"/><counter type="LINE" missed="0" covered="1"/><counter type="COMPLEXITY" missed="2" covered="1"/><counter type="METHOD" missed="0" covered="1"/></method><method name="resume" desc="()V" line="418"><counter type="INSTRUCTION" missed="1" covered="15"/><counter type="BRANCH" missed="1" covered="5"/><counter type="LINE" missed="1" covered="4"/><counter type="COMPLEXITY" missed="1" covered="3"/><counter type="METHOD" missed="0" covered="1"/></method><method name="end" desc="()V" line="433"><counter type="INSTRUCTION" missed="0" covered="12"/><counter type="BRANCH" missed="0" covered="4"/><counter type="LINE" missed="0" covered="2"/><counter type="COMPLEXITY" missed="0" covered="3"/><counter type="METHOD" missed="0" covered="1"/></method><method name="cancel" desc="()V" line="443"><counter type="INSTRUCTION" missed="0" covered="12"/><counter type="BRANCH" missed="0" covered="4"/><counter type="LINE" missed="0" covered="2"/><counter type="COMPLEXITY" missed="0" covered="3"/><counter type="METHOD" missed="0" covered="1"/></method><method name="isRunning" desc="()Z" line="449"><counter type="INSTRUCTION" missed="0" covered="4"/><counter type="LINE" missed="0" covered="1"/><counter type="COMPLEXITY" missed="0" covered="1"/><counter type="METHOD" missed="0" covered="1"/></method><counter type="INSTRUCTION" missed="7" covered="318"/><counter type="BRANCH" missed="9" covered="51"/><counter type="LINE" missed="4" covered="80"/><counter type="COMPLEXITY" missed="9" covered="49"/><counter type="METHOD" missed="0" covered="28"/><counter type="CLASS" missed="0" covered="1"/></class><class name="universum/studios/android/transition/util/AnimatorWrapper$AnimatorPauseListenerWrapper"><method name="&lt;init&gt;" desc="(Landroid/animation/Animator$AnimatorPauseListener;Landroid/animation/Animator;)V" line="546"><counter type="INSTRUCTION" missed="0" covered="5"/><counter type="LINE" missed="0" covered="2"/><counter type="COMPLEXITY" missed="0" covered="1"/><counter type="METHOD" missed="0" covered="1"/></method><method name="onAnimationPause" desc="(Landroid/animation/Animator;)V" line="552"><counter type="INSTRUCTION" missed="0" covered="7"/><counter type="LINE" missed="0" covered="2"/><counter type="COMPLEXITY" missed="0" covered="1"/><counter type="METHOD" missed="0" covered="1"/></method><method name="onAnimationResume" desc="(Landroid/animation/Animator;)V" line="558"><counter type="INSTRUCTION" missed="0" covered="7"/><counter type="LINE" missed="0" covered="2"/><counter type="COMPLEXITY" missed="0" covered="1"/><counter type="METHOD" missed="0" covered="1"/></method><counter type="INSTRUCTION" missed="0" covered="19"/><counter type="LINE" missed="0" covered="6"/><counter type="COMPLEXITY" missed="0" covered="3"/><counter type="METHOD" missed="0" covered="3"/><counter type="CLASS" missed="0" covered="1"/></class><class name="universum/studios/android/transition/util/AnimatorWrapper$BaseAnimatorListenerWrapper"><method name="&lt;init&gt;" desc="(Ljava/lang/Object;Landroid/animation/Animator;)V" line="483"><counter type="INSTRUCTION" missed="0" covered="9"/><counter type="LINE" missed="0" covered="4"/><counter type="COMPLEXITY" missed="0" covered="1"/><counter type="METHOD" missed="0" covered="1"/></method><counter type="INSTRUCTION" missed="0" covered="9"/><counter type="LINE" missed="0" covered="4"/><counter type="COMPLEXITY" missed="0" covered="1"/><counter type="METHOD" missed="0" covered="1"/><counter type="CLASS" missed="0" covered="1"/></class><class name="universum/studios/android/transition/util/TransitionUtils"><method name="&lt;init&gt;" desc="()V" line="34"><counter type="INSTRUCTION" missed="0" covered="6"/><counter type="LINE" missed="0" covered="2"/><counter type="COMPLEXITY" missed="0" covered="1"/><counter type="METHOD" missed="0" covered="1"/></method><method name="isViewAttachedToWindow" desc="(Landroid/view/View;)Z" line="46"><counter type="INSTRUCTION" missed="0" covered="7"/><counter type="BRANCH" missed="0" covered="2"/><counter type="LINE" missed="0" covered="1"/><counter type="COMPLEXITY" missed="0" covered="2"/><counter type="METHOD" missed="0" covered="1"/></method><counter type="INSTRUCTION" missed="0" covered="13"/><counter type="BRANCH" missed="0" covered="2"/><counter type="LINE" missed="0" covered="3"/><counter type="COMPLEXITY" missed="0" covered="3"/><counter type="METHOD" missed="0" covered="2"/><counter type="CLASS" missed="0" covered="1"/></class><class name="universum/studios/android/transition/util/AnimatorWrapper$AnimatorListenerWrapper"><method name="&lt;init&gt;" desc="(Landroid/animation/Animator$AnimatorListener;Landroid/animation/Animator;)V" line="503"><counter type="INSTRUCTION" missed="0" covered="5"/><counter type="LINE" missed="0" covered="2"/><counter type="COMPLEXITY" missed="0" covered="1"/><counter type="METHOD" missed="0" covered="1"/></method><method name="onAnimationStart" desc="(Landroid/animation/Animator;)V" line="509"><counter type="INSTRUCTION" missed="0" covered="7"/><counter type="LINE" missed="0" covered="2"/><counter type="COMPLEXITY" missed="0" covered="1"/><counter type="METHOD" missed="0" covered="1"/></method><method name="onAnimationEnd" desc="(Landroid/animation/Animator;)V" line="515"><counter type="INSTRUCTION" missed="0" covered="7"/><counter type="LINE" missed="0" covered="2"/><counter type="COMPLEXITY" missed="0" covered="1"/><counter type="METHOD" missed="0" covered="1"/></method><method name="onAnimationCancel" desc="(Landroid/animation/Animator;)V" line="521"><counter type="INSTRUCTION" missed="0" covered="7"/><counter type="LINE" missed="0" covered="2"/><counter type="COMPLEXITY" missed="0" covered="1"/><counter type="METHOD" missed="0" covered="1"/></method><method name="onAnimationRepeat" desc="(Landroid/animation/Animator;)V" line="527"><counter type="INSTRUCTION" missed="0" covered="7"/><counter type="LINE" missed="0" covered="2"/><counter type="COMPLEXITY" missed="0" covered="1"/><counter type="METHOD" missed="0" covered="1"/></method><counter type="INSTRUCTION" missed="0" covered="33"/><counter type="LINE" missed="0" covered="10"/><counter type="COMPLEXITY" missed="0" covered="5"/><counter type="METHOD" missed="0" covered="5"/><counter type="CLASS" missed="0" covered="1"/></class><sourcefile name="AnimatorWrapper.java"><line nr="143" mi="0" ci="3" mb="0" cb="0"/><line nr="169" mi="0" ci="2" mb="0" cb="0"/><line nr="170" mi="0" ci="3" mb="0" cb="0"/><line nr="171" mi="0" ci="1" mb="0" cb="0"/><line nr="185" mi="0" ci="3" mb="0" cb="0"/><line nr="200" mi="0" ci="3" mb="0" cb="0"/><line nr="201" mi="0" ci="1" mb="0" cb="0"/><line nr="213" mi="0" ci="6" mb="0" cb="0"/><line nr="214" mi="0" ci="1" mb="0" cb="0"/><line nr="225" mi="0" ci="8" mb="0" cb="0"/><line nr="226" mi="0" ci="1" mb="0" cb="0"/><line nr="238" mi="0" ci="9" mb="0" cb="2"/><line nr="244" mi="0" ci="2" mb="0" cb="0"/><line nr="245" mi="0" ci="5" mb="0" cb="2"/><line nr="246" mi="0" ci="6" mb="0" cb="0"/><line nr="247" mi="0" ci="6" mb="0" cb="0"/><line nr="248" mi="0" ci="4" mb="0" cb="0"/><line nr="250" mi="0" ci="1" mb="0" cb="0"/><line nr="255" mi="0" ci="2" mb="0" cb="0"/><line nr="256" mi="0" ci="6" mb="0" cb="0"/><line nr="257" mi="0" ci="2" mb="0" cb="2"/><line nr="258" mi="0" ci="5" mb="0" cb="0"/><line nr="259" mi="0" ci="4" mb="0" cb="0"/><line nr="261" mi="0" ci="1" mb="0" cb="0"/><line nr="267" mi="0" ci="9" mb="0" cb="2"/><line nr="268" mi="0" ci="1" mb="0" cb="0"/><line nr="277" mi="0" ci="3" mb="1" cb="1"/><line nr="278" mi="1" ci="0" mb="0" cb="0"/><line nr="280" mi="0" ci="8" mb="0" cb="4"/><line nr="281" mi="0" ci="3" mb="0" cb="2"/><line nr="282" mi="0" ci="6" mb="0" cb="0"/><line nr="284" mi="0" ci="5" mb="0" cb="2"/><line nr="285" mi="0" ci="6" mb="0" cb="0"/><line nr="286" mi="0" ci="6" mb="0" cb="0"/><line nr="287" mi="0" ci="4" mb="0" cb="0"/><line nr="290" mi="0" ci="1" mb="0" cb="0"/><line nr="295" mi="0" ci="3" mb="1" cb="1"/><line nr="296" mi="1" ci="0" mb="0" cb="0"/><line nr="298" mi="0" ci="3" mb="0" cb="2"/><line nr="299" mi="0" ci="6" mb="0" cb="0"/><line nr="300" mi="0" ci="2" mb="0" cb="2"/><line nr="301" mi="0" ci="5" mb="0" cb="0"/><line nr="302" mi="0" ci="4" mb="0" cb="0"/><line nr="305" mi="0" ci="1" mb="0" cb="0"/><line nr="310" mi="0" ci="13" mb="0" cb="2"/><line nr="312" mi="0" ci="2" mb="0" cb="0"/><line nr="318" mi="0" ci="3" mb="0" cb="2"/><line nr="319" mi="0" ci="3" mb="0" cb="0"/><line nr="320" mi="0" ci="3" mb="0" cb="0"/><line nr="322" mi="0" ci="3" mb="0" cb="2"/><line nr="323" mi="0" ci="3" mb="0" cb="0"/><line nr="324" mi="0" ci="3" mb="0" cb="0"/><line nr="326" mi="0" ci="3" mb="0" cb="0"/><line nr="327" mi="0" ci="1" mb="0" cb="0"/><line nr="332" mi="0" ci="4" mb="0" cb="0"/><line nr="333" mi="0" ci="1" mb="0" cb="0"/><line nr="338" mi="0" ci="4" mb="0" cb="0"/><line nr="344" mi="0" ci="5" mb="0" cb="0"/><line nr="345" mi="0" ci="2" mb="0" cb="0"/><line nr="351" mi="0" ci="4" mb="0" cb="0"/><line nr="357" mi="0" ci="4" mb="0" cb="0"/><line nr="358" mi="0" ci="1" mb="0" cb="0"/><line nr="364" mi="1" ci="8" mb="1" cb="1"/><line nr="370" mi="0" ci="4" mb="0" cb="0"/><line nr="371" mi="0" ci="1" mb="0" cb="0"/><line nr="380" mi="0" ci="7" mb="0" cb="2"/><line nr="381" mi="0" ci="1" mb="0" cb="0"/><line nr="386" mi="1" ci="10" mb="2" cb="2"/><line nr="396" mi="0" ci="3" mb="1" cb="1"/><line nr="397" mi="1" ci="0" mb="0" cb="0"/><line nr="399" mi="0" ci="4" mb="0" cb="2"/><line nr="400" mi="0" ci="3" mb="0" cb="0"/><line nr="402" mi="0" ci="1" mb="0" cb="0"/><line nr="407" mi="1" ci="10" mb="2" cb="2"/><line nr="418" mi="0" ci="3" mb="1" cb="1"/><line nr="419" mi="1" ci="0" mb="0" cb="0"/><line nr="421" mi="0" ci="8" mb="0" cb="4"/><line nr="422" mi="0" ci="3" mb="0" cb="0"/><line nr="424" mi="0" ci="1" mb="0" cb="0"/><line nr="433" mi="0" ci="11" mb="0" cb="4"/><line nr="434" mi="0" ci="1" mb="0" cb="0"/><line nr="443" mi="0" ci="11" mb="0" cb="4"/><line nr="444" mi="0" ci="1" mb="0" cb="0"/><line nr="449" mi="0" ci="4" mb="0" cb="0"/><line nr="483" mi="0" ci="2" mb="0" cb="0"/><line nr="484" mi="0" ci="3" mb="0" cb="0"/><line nr="485" mi="0" ci="3" mb="0" cb="0"/><line nr="486" mi="0" ci="1" mb="0" cb="0"/><line nr="503" mi="0" ci="4" mb="0" cb="0"/><line nr="504" mi="0" ci="1" mb="0" cb="0"/><line nr="509" mi="0" ci="6" mb="0" cb="0"/><line nr="510" mi="0" ci="1" mb="0" cb="0"/><line nr="515" mi="0" ci="6" mb="0" cb="0"/><line nr="516" mi="0" ci="1" mb="0" cb="0"/><line nr="521" mi="0" ci="6" mb="0" cb="0"/><line nr="522" mi="0" ci="1" mb="0" cb="0"/><line nr="527" mi="0" ci="6" mb="0" cb="0"/><line nr="528" mi="0" ci="1" mb="0" cb="0"/><line nr="546" mi="0" ci="4" mb="0" cb="0"/><line nr="547" mi="0" ci="1" mb="0" cb="0"/><line nr="552" mi="0" ci="6" mb="0" cb="0"/><line nr="553" mi="0" ci="1" mb="0" cb="0"/><line nr="558" mi="0" ci="6" mb="0" cb="0"/><line nr="559" mi="0" ci="1" mb="0" cb="0"/><counter type="INSTRUCTION" missed="7" covered="379"/><counter type="BRANCH" missed="9" covered="51"/><counter type="LINE" missed="4" covered="100"/><counter type="COMPLEXITY" missed="9" covered="58"/><counter type="METHOD" missed="0" covered="37"/><counter type="CLASS" missed="0" covered="4"/></sourcefile><sourcefile name="TransitionUtils.java"><line nr="34" mi="0" ci="2" mb="0" cb="0"/><line nr="36" mi="0" ci="4" mb="0" cb="0"/><line nr="46" mi="0" ci="7" mb="0" cb="2"/><counter type="INSTRUCTION" missed="0" covered="13"/><counter type="BRANCH" missed="0" covered="2"/><counter type="LINE" missed="0" covered="3"/><counter type="COMPLEXITY" missed="0" covered="3"/><counter type="METHOD" missed="0" covered="2"/><counter type="CLASS" missed="0" covered="1"/></sourcefile><counter type="INSTRUCTION" missed="7" covered="392"/><counter type="BRANCH" missed="9" covered="53"/><counter type="LINE" missed="4" covered="103"/><counter type="COMPLEXITY" missed="9" covered="61"/><counter type="METHOD" missed="0" covered="39"/><counter type="CLASS" missed="0" covered="5"/></package><package name="universum/studios/android/transition"><class name="universum/studios/android/transition/BaseNavigationalTransition"><method name="&lt;init&gt;" desc="()V" line="217"><counter type="INSTRUCTION" missed="0" covered="9"/><counter type="LINE" missed="0" covered="4"/><counter type="COMPLEXITY" missed="0" covered="1"/><counter type="METHOD" missed="0" covered="1"/></method><method name="&lt;init&gt;" desc="(Ljava/lang/Class;)V" line="217"><counter type="INSTRUCTION" missed="0" covered="9"/><counter type="LINE" missed="0" covered="4"/><counter type="COMPLEXITY" missed="0" covered="1"/><counter type="METHOD" missed="0" covered="1"/></method><method name="getActivityClass" desc="()Ljava/lang/Class;" line="351"><counter type="INSTRUCTION" missed="0" covered="3"/><counter type="LINE" missed="0" covered="1"/><counter type="COMPLEXITY" missed="0" covered="1"/><counter type="METHOD" missed="0" covered="1"/></method><method name="intentExtras" desc="(Landroid/os/Bundle;)Luniversum/studios/android/transition/BaseNavigationalTransition;" line="366"><counter type="INSTRUCTION" missed="5" covered="0"/><counter type="LINE" missed="2" covered="0"/><counter type="COMPLEXITY" missed="1" covered="0"/><counter type="METHOD" missed="1" covered="0"/></method><method name="intentExtras" desc="()Landroid/os/Bundle;" line="381"><counter type="INSTRUCTION" missed="0" covered="13"/><counter type="BRANCH" missed="0" covered="2"/><counter type="LINE" missed="0" covered="1"/><counter type="COMPLEXITY" missed="0" covered="2"/><counter type="METHOD" missed="0" covered="1"/></method><method name="requestCode" desc="(I)Luniversum/studios/android/transition/BaseNavigationalTransition;" line="401"><counter type="INSTRUCTION" missed="0" covered="5"/><counter type="LINE" missed="0" covered="2"/><counter type="COMPLEXITY" missed="0" covered="1"/><counter type="METHOD" missed="0" covered="1"/></method><method name="requestCode" desc="()I" line="411"><counter type="INSTRUCTION" missed="0" covered="3"/><counter type="LINE" missed="0" covered="1"/><counter type="COMPLEXITY" missed="0" covered="1"/><counter type="METHOD" missed="0" covered="1"/></method><method name="enterTransition" desc="(Landroid/transition/Transition;)Luniversum/studios/android/transition/BaseNavigationalTransition;" line="426"><counter type="INSTRUCTION" missed="0" covered="11"/><counter type="LINE" missed="0" covered="3"/><counter type="COMPLEXITY" missed="0" covered="1"/><counter type="METHOD" missed="0" covered="1"/></method><method name="enterTransition" desc="()Landroid/transition/Transition;" line="438"><counter type="INSTRUCTION" missed="0" covered="3"/><counter type="LINE" missed="0" covered="1"/><counter type="COMPLEXITY" missed="0" covered="1"/><counter type="METHOD" missed="0" covered="1"/></method><method name="reenterTransition" desc="(Landroid/transition/Transition;)Luniversum/studios/android/transition/BaseNavigationalTransition;" line="454"><counter type="INSTRUCTION" missed="0" covered="11"/><counter type="LINE" missed="0" covered="3"/><counter type="COMPLEXITY" missed="0" covered="1"/><counter type="METHOD" missed="0" covered="1"/></method><method name="reenterTransition" desc="()Landroid/transition/Transition;" line="466"><counter type="INSTRUCTION" missed="0" covered="3"/><counter type="LINE" missed="0" covered="1"/><counter type="COMPLEXITY" missed="0" covered="1"/><counter type="METHOD" missed="0" covered="1"/></method><method name="returnTransition" desc="(Landroid/transition/Transition;)Luniversum/studios/android/transition/BaseNavigationalTransition;" line="481"><counter type="INSTRUCTION" missed="0" covered="11"/><counter type="LINE" missed="0" covered="3"/><counter type="COMPLEXITY" missed="0" covered="1"/><counter type="METHOD" missed="0" covered="1"/></method><method name="returnTransition" desc="()Landroid/transition/Transition;" line="493"><counter type="INSTRUCTION" missed="0" covered="3"/><counter type="LINE" missed="0" covered="1"/><counter type="COMPLEXITY" missed="0" covered="1"/><counter type="METHOD" missed="0" covered="1"/></method><method name="exitTransition" desc="(Landroid/transition/Transition;)Luniversum/studios/android/transition/BaseNavigationalTransition;" line="509"><counter type="INSTRUCTION" missed="0" covered="11"/><counter type="LINE" missed="0" covered="3"/><counter type="COMPLEXITY" missed="0" covered="1"/><counter type="METHOD" missed="0" covered="1"/></method><method name="exitTransition" desc="()Landroid/transition/Transition;" line="521"><counter type="INSTRUCTION" missed="0" covered="3"/><counter type="LINE" missed="0" covered="1"/><counter type="COMPLEXITY" missed="0" covered="1"/><counter type="METHOD" missed="0" covered="1"/></method><method name="allowEnterTransitionOverlap" desc="(Z)Luniversum/studios/android/transition/BaseNavigationalTransition;" line="538"><counter type="INSTRUCTION" missed="0" covered="6"/><counter type="LINE" missed="0" covered="2"/><counter type="COMPLEXITY" missed="0" covered="1"/><counter type="METHOD" missed="0" covered="1"/></method><method name="allowEnterTransitionOverlap" desc="()Z" line="551"><counter type="INSTRUCTION" missed="0" covered="11"/><counter type="BRANCH" missed="1" covered="3"/><counter type="LINE" missed="0" covered="1"/><counter type="COMPLEXITY" missed="1" covered="2"/><counter type="METHOD" missed="0" covered="1"/></method><method name="allowReturnTransitionOverlap" desc="(Z)Luniversum/studios/android/transition/BaseNavigationalTransition;" line="568"><counter type="INSTRUCTION" missed="0" covered="6"/><counter type="LINE" missed="0" covered="2"/><counter type="COMPLEXITY" missed="0" covered="1"/><counter type="METHOD" missed="0" covered="1"/></method><method name="allowReturnTransitionOverlap" desc="()Z" line="581"><counter type="INSTRUCTION" missed="0" covered="11"/><counter type="BRANCH" missed="0" covered="4"/><counter type="LINE" missed="0" covered="1"/><counter type="COMPLEXITY" missed="0" covered="3"/><counter type="METHOD" missed="0" covered="1"/></method><method name="sharedElementEnterTransition" desc="(Landroid/transition/Transition;)Luniversum/studios/android/transition/BaseNavigationalTransition;" line="597"><counter type="INSTRUCTION" missed="0" covered="11"/><counter type="LINE" missed="0" covered="3"/><counter type="COMPLEXITY" missed="0" covered="1"/><counter type="METHOD" missed="0" covered="1"/></method><method name="sharedElementEnterTransition" desc="()Landroid/transition/Transition;" line="609"><counter type="INSTRUCTION" missed="0" covered="3"/><counter type="LINE" missed="0" covered="1"/><counter type="COMPLEXITY" missed="0" covered="1"/><counter type="METHOD" missed="0" covered="1"/></method><method name="sharedElementReenterTransition" desc="(Landroid/transition/Transition;)Luniversum/studios/android/transition/BaseNavigationalTransition;" line="625"><counter type="INSTRUCTION" missed="0" covered="11"/><counter type="LINE" missed="0" covered="3"/><counter type="COMPLEXITY" missed="0" covered="1"/><counter type="METHOD" missed="0" covered="1"/></method><method name="sharedElementReenterTransition" desc="()Landroid/transition/Transition;" line="637"><counter type="INSTRUCTION" missed="0" covered="3"/><counter type="LINE" missed="0" covered="1"/><counter type="COMPLEXITY" missed="0" covered="1"/><counter type="METHOD" missed="0" covered="1"/></method><method name="sharedElementReturnTransition" desc="(Landroid/transition/Transition;)Luniversum/studios/android/transition/BaseNavigationalTransition;" line="653"><counter type="INSTRUCTION" missed="0" covered="11"/><counter type="LINE" missed="0" covered="3"/><counter type="COMPLEXITY" missed="0" covered="1"/><counter type="METHOD" missed="0" covered="1"/></method><method name="sharedElementReturnTransition" desc="()Landroid/transition/Transition;" line="665"><counter type="INSTRUCTION" missed="0" covered="3"/><counter type="LINE" missed="0" covered="1"/><counter type="COMPLEXITY" missed="0" covered="1"/><counter type="METHOD" missed="0" covered="1"/></method><method name="sharedElementExitTransition" desc="(Landroid/transition/Transition;)Luniversum/studios/android/transition/BaseNavigationalTransition;" line="680"><counter type="INSTRUCTION" missed="0" covered="11"/><counter type="LINE" missed="0" covered="3"/><counter type="COMPLEXITY" missed="0" covered="1"/><counter type="METHOD" missed="0" covered="1"/></method><method name="sharedElementExitTransition" desc="()Landroid/transition/Transition;" line="692"><counter type="INSTRUCTION" missed="0" covered="3"/><counter type="LINE" missed="0" covered="1"/><counter type="COMPLEXITY" missed="0" covered="1"/><counter type="METHOD" missed="0" covered="1"/></method><method name="sharedElementsUseOverlay" desc="(Z)Luniversum/studios/android/transition/BaseNavigationalTransition;" line="710"><counter type="INSTRUCTION" missed="0" covered="6"/><counter type="LINE" missed="0" covered="2"/><counter type="COMPLEXITY" missed="0" covered="1"/><counter type="METHOD" missed="0" covered="1"/></method><method name="sharedElementsUseOverlay" desc="()Z" line="725"><counter type="INSTRUCTION" missed="0" covered="11"/><counter type="BRANCH" missed="0" covered="4"/><counter type="LINE" missed="0" covered="1"/><counter type="COMPLEXITY" missed="0" covered="3"/><counter type="METHOD" missed="0" covered="1"/></method><method name="inflateTransition" desc="(Landroid/content/Context;I)Landroid/transition/Transition;" line="742"><counter type="INSTRUCTION" missed="16" covered="0"/><counter type="BRANCH" missed="4" covered="0"/><counter type="LINE" missed="5" covered="0"/><counter type="COMPLEXITY" missed="3" covered="0"/><counter type="METHOD" missed="1" covered="0"/></method><method name="inflateTransitionManager" desc="(Landroid/content/Context;ILandroid/view/ViewGroup;)Landroid/transition/TransitionManager;" line="766"><counter type="INSTRUCTION" missed="17" covered="0"/><counter type="BRANCH" missed="4" covered="0"/><counter type="LINE" missed="5" covered="0"/><counter type="COMPLEXITY" missed="3" covered="0"/><counter type="METHOD" missed="1" covered="0"/></method><method name="sharedElements" desc="([Landroid/util/Pair;)Luniversum/studios/android/transition/BaseNavigationalTransition;" line="785"><counter type="INSTRUCTION" missed="0" covered="17"/><counter type="BRANCH" missed="0" covered="2"/><counter type="LINE" missed="0" covered="4"/><counter type="COMPLEXITY" missed="0" covered="2"/><counter type="METHOD" missed="0" covered="1"/></method><method name="sharedElement" desc="(Landroid/view/View;Ljava/lang/String;)Luniversum/studios/android/transition/BaseNavigationalTransition;" line="811"><counter type="INSTRUCTION" missed="0" covered="20"/><counter type="BRANCH" missed="0" covered="2"/><counter type="LINE" missed="0" covered="4"/><counter type="COMPLEXITY" missed="0" covered="2"/><counter type="METHOD" missed="0" covered="1"/></method><method name="sharedElements" desc="()Ljava/util/List;" line="828"><counter type="INSTRUCTION" missed="0" covered="3"/><counter type="LINE" missed="0" covered="1"/><counter type="COMPLEXITY" missed="0" covered="1"/><counter type="METHOD" missed="0" covered="1"/></method><method name="singleSharedElement" desc="()Landroid/util/Pair;" line="843"><counter type="INSTRUCTION" missed="0" covered="15"/><counter type="BRANCH" missed="0" covered="4"/><counter type="LINE" missed="0" covered="1"/><counter type="COMPLEXITY" missed="0" covered="3"/><counter type="METHOD" missed="0" covered="1"/></method><method name="start" desc="(Landroid/app/Activity;)V" line="854"><counter type="INSTRUCTION" missed="0" covered="7"/><counter type="LINE" missed="0" covered="3"/><counter type="COMPLEXITY" missed="0" covered="1"/><counter type="METHOD" missed="0" covered="1"/></method><method name="onStart" desc="(Landroid/app/Activity;)V" line="882"><counter type="INSTRUCTION" missed="0" covered="41"/><counter type="BRANCH" missed="0" covered="6"/><counter type="LINE" missed="0" covered="9"/><counter type="COMPLEXITY" missed="0" covered="4"/><counter type="METHOD" missed="0" covered="1"/></method><method name="finishCallerDelayed" desc="(Landroid/app/Activity;J)V" line="901"><counter type="INSTRUCTION" missed="0" covered="16"/><counter type="BRANCH" missed="0" covered="2"/><counter type="LINE" missed="0" covered="3"/><counter type="COMPLEXITY" missed="0" covered="2"/><counter type="METHOD" missed="0" covered="1"/></method><method name="finishCaller" desc="(Landroid/app/Activity;)V" line="925"><counter type="INSTRUCTION" missed="0" covered="4"/><counter type="LINE" missed="0" covered="2"/><counter type="COMPLEXITY" missed="0" covered="1"/><counter type="METHOD" missed="0" covered="1"/></method><method name="onFinishCaller" desc="(Landroid/app/Activity;)V" line="939"><counter type="INSTRUCTION" missed="0" covered="8"/><counter type="BRANCH" missed="0" covered="2"/><counter type="LINE" missed="0" covered="3"/><counter type="COMPLEXITY" missed="0" covered="2"/><counter type="METHOD" missed="0" covered="1"/></method><method name="configureTransitions" desc="(Landroid/app/Activity;)V" line="950"><counter type="INSTRUCTION" missed="0" covered="7"/><counter type="LINE" missed="0" covered="3"/><counter type="COMPLEXITY" missed="0" covered="1"/><counter type="METHOD" missed="0" covered="1"/></method><method name="configureIncomingTransitions" desc="(Landroid/app/Activity;)V" line="975"><counter type="INSTRUCTION" missed="0" covered="66"/><counter type="BRANCH" missed="0" covered="16"/><counter type="LINE" missed="0" covered="17"/><counter type="COMPLEXITY" missed="0" covered="9"/><counter type="METHOD" missed="0" covered="1"/></method><method name="configureOutgoingTransitions" desc="(Landroid/app/Activity;)V" line="1021"><counter type="INSTRUCTION" missed="0" covered="50"/><counter type="BRANCH" missed="0" covered="12"/><counter type="LINE" missed="0" covered="13"/><counter type="COMPLEXITY" missed="0" covered="7"/><counter type="METHOD" missed="0" covered="1"/></method><method name="makeSceneTransitionAnimation" desc="(Landroid/app/Activity;)Landroid/app/ActivityOptions;" line="1054"><counter type="INSTRUCTION" missed="0" covered="30"/><counter type="BRANCH" missed="0" covered="6"/><counter type="LINE" missed="0" covered="7"/><counter type="COMPLEXITY" missed="0" covered="4"/><counter type="METHOD" missed="0" covered="1"/></method><method name="createIntent" desc="(Landroid/app/Activity;)Landroid/content/Intent;" line="1073"><counter type="INSTRUCTION" missed="0" covered="36"/><counter type="BRANCH" missed="0" covered="4"/><counter type="LINE" missed="0" covered="7"/><counter type="COMPLEXITY" missed="0" covered="3"/><counter type="METHOD" missed="0" covered="1"/></method><method name="finish" desc="(Landroid/app/Activity;)V" line="1093"><counter type="INSTRUCTION" missed="0" covered="4"/><counter type="LINE" missed="0" covered="2"/><counter type="COMPLEXITY" missed="0" covered="1"/><counter type="METHOD" missed="0" covered="1"/></method><method name="onFinish" desc="(Landroid/app/Activity;)V" line="1111"><counter type="INSTRUCTION" missed="0" covered="8"/><counter type="BRANCH" missed="0" covered="2"/><counter type="LINE" missed="0" covered="3"/><counter type="COMPLEXITY" missed="0" covered="2"/><counter type="METHOD" missed="0" covered="1"/></method><method name="&lt;clinit&gt;" desc="()V" line="131"><counter type="INSTRUCTION" missed="0" covered="8"/><counter type="BRANCH" missed="0" covered="2"/><counter type="LINE" missed="0" covered="1"/><counter type="COMPLEXITY" missed="0" covered="2"/><counter type="METHOD" missed="0" covered="1"/></method><counter type="INSTRUCTION" missed="38" covered="545"/><counter type="BRANCH" missed="9" covered="73"/><counter type="LINE" missed="12" covered="136"/><counter type="COMPLEXITY" missed="8" covered="81"/><counter type="METHOD" missed="3" covered="45"/><counter type="CLASS" missed="0" covered="1"/></class><class name="universum/studios/android/transition/Reveal$Info"><method name="&lt;init&gt;" desc="()V" line="1036"><counter type="INSTRUCTION" missed="0" covered="3"/><counter type="LINE" missed="0" covered="1"/><counter type="COMPLEXITY" missed="0" covered="1"/><counter type="METHOD" missed="0" covered="1"/></method><counter type="INSTRUCTION" missed="0" covered="3"/><counter type="LINE" missed="0" covered="1"/><counter type="COMPLEXITY" missed="0" covered="1"/><counter type="METHOD" missed="0" covered="1"/><counter type="CLASS" missed="0" covered="1"/></class><class name="universum/studios/android/transition/Reveal$TransitionAnimatorListener"><method name="&lt;init&gt;" desc="(Landroid/view/View;II)V" line="1079"><counter type="INSTRUCTION" missed="0" covered="12"/><counter type="LINE" missed="0" covered="5"/><counter type="COMPLEXITY" missed="0" covered="1"/><counter type="METHOD" missed="0" covered="1"/></method><method name="onAnimationStart" desc="(Landroid/animation/Animator;)V" line="1088"><counter type="INSTRUCTION" missed="0" covered="6"/><counter type="LINE" missed="0" covered="2"/><counter type="COMPLEXITY" missed="0" covered="1"/><counter type="METHOD" missed="0" covered="1"/></method><method name="onAnimationEnd" desc="(Landroid/animation/Animator;)V" line="1094"><counter type="INSTRUCTION" missed="0" covered="6"/><counter type="LINE" missed="0" covered="2"/><counter type="COMPLEXITY" missed="0" covered="1"/><counter type="METHOD" missed="0" covered="1"/></method><counter type="INSTRUCTION" missed="0" covered="24"/><counter type="LINE" missed="0" covered="9"/><counter type="COMPLEXITY" missed="0" covered="3"/><counter type="METHOD" missed="0" covered="3"/><counter type="CLASS" missed="0" covered="1"/></class><class name="universum/studios/android/transition/Reveal"><method name="&lt;init&gt;" desc="()V" line="226"><counter type="INSTRUCTION" missed="0" covered="4"/><counter type="LINE" missed="0" covered="2"/><counter type="COMPLEXITY" missed="0" covered="1"/><counter type="METHOD" missed="0" covered="1"/></method><method name="&lt;init&gt;" desc="(I)V" line="137"><counter type="INSTRUCTION" missed="0" covered="32"/><counter type="LINE" missed="0" covered="11"/><counter type="COMPLEXITY" missed="0" covered="1"/><counter type="METHOD" missed="0" covered="1"/></method><method name="&lt;init&gt;" desc="(Landroid/content/Context;Landroid/util/AttributeSet;)V" line="137"><counter type="INSTRUCTION" missed="140" covered="48"/><counter type="BRANCH" missed="25" covered="1"/><counter type="LINE" missed="25" covered="14"/><counter type="COMPLEXITY" missed="13" covered="1"/><counter type="METHOD" missed="0" covered="1"/></method><method name="calculateRadius" desc="(Landroid/view/View;)F" line="293"><counter type="INSTRUCTION" missed="0" covered="8"/><counter type="LINE" missed="0" covered="1"/><counter type="COMPLEXITY" missed="0" covered="1"/><counter type="METHOD" missed="0" covered="1"/></method><method name="calculateRadius" desc="(FF)F" line="305"><counter type="INSTRUCTION" missed="0" covered="12"/><counter type="LINE" missed="0" covered="1"/><counter type="COMPLEXITY" missed="0" covered="1"/><counter type="METHOD" missed="0" covered="1"/></method><method name="resolveCenterPosition" desc="(Landroid/view/View;)[F" line="313"><counter type="INSTRUCTION" missed="0" covered="5"/><counter type="LINE" missed="0" covered="1"/><counter type="COMPLEXITY" missed="0" covered="1"/><counter type="METHOD" missed="0" covered="1"/></method><method name="resolveCenterPosition" desc="(Landroid/view/View;FF)[F" line="333"><counter type="INSTRUCTION" missed="0" covered="26"/><counter type="LINE" missed="0" covered="4"/><counter type="COMPLEXITY" missed="0" covered="1"/><counter type="METHOD" missed="0" covered="1"/></method><method name="resolveCenter" desc="(Landroid/view/View;)[F" line="345"><counter type="INSTRUCTION" missed="0" covered="5"/><counter type="LINE" missed="0" covered="1"/><counter type="COMPLEXITY" missed="0" covered="1"/><counter type="METHOD" missed="0" covered="1"/></method><method name="resolveCenter" desc="(Landroid/view/View;FF)[F" line="364"><counter type="INSTRUCTION" missed="0" covered="19"/><counter type="LINE" missed="0" covered="3"/><counter type="COMPLEXITY" missed="0" covered="1"/><counter type="METHOD" missed="0" covered="1"/></method><method name="createAnimator" desc="(Landroid/view/View;FF)Landroid/animation/Animator;" line="381"><counter type="INSTRUCTION" missed="0" covered="16"/><counter type="LINE" missed="0" covered="2"/><counter type="COMPLEXITY" missed="0" covered="1"/><counter type="METHOD" missed="0" covered="1"/></method><method name="createAnimator" desc="(Landroid/view/View;IIFF)Landroid/animation/Animator;" line="413"><counter type="INSTRUCTION" missed="0" covered="27"/><counter type="BRANCH" missed="1" covered="3"/><counter type="LINE" missed="0" covered="6"/><counter type="COMPLEXITY" missed="1" covered="2"/><counter type="METHOD" missed="0" covered="1"/></method><method name="setMode" desc="(I)V" line="436"><counter type="INSTRUCTION" missed="0" covered="4"/><counter type="LINE" missed="0" covered="2"/><counter type="COMPLEXITY" missed="0" covered="1"/><counter type="METHOD" missed="0" covered="1"/></method><method name="getMode" desc="()I" line="445"><counter type="INSTRUCTION" missed="0" covered="3"/><counter type="LINE" missed="0" covered="1"/><counter type="COMPLEXITY" missed="0" covered="1"/><counter type="METHOD" missed="0" covered="1"/></method><method name="setStartRadius" desc="(Ljava/lang/Float;)V" line="461"><counter type="INSTRUCTION" missed="0" covered="4"/><counter type="LINE" missed="0" covered="2"/><counter type="COMPLEXITY" missed="0" covered="1"/><counter type="METHOD" missed="0" covered="1"/></method><method name="getStartRadius" desc="()Ljava/lang/Float;" line="473"><counter type="INSTRUCTION" missed="0" covered="3"/><counter type="LINE" missed="0" covered="1"/><counter type="COMPLEXITY" missed="0" covered="1"/><counter type="METHOD" missed="0" covered="1"/></method><method name="setEndRadius" desc="(Ljava/lang/Float;)V" line="489"><counter type="INSTRUCTION" missed="0" covered="4"/><counter type="LINE" missed="0" covered="2"/><counter type="COMPLEXITY" missed="0" covered="1"/><counter type="METHOD" missed="0" covered="1"/></method><method name="getEndRadius" desc="()Ljava/lang/Float;" line="501"><counter type="INSTRUCTION" missed="0" covered="3"/><counter type="LINE" missed="0" covered="1"/><counter type="COMPLEXITY" missed="0" covered="1"/><counter type="METHOD" missed="0" covered="1"/></method><method name="setStartVisibility" desc="(I)V" line="515"><counter type="INSTRUCTION" missed="0" covered="4"/><counter type="LINE" missed="0" covered="2"/><counter type="COMPLEXITY" missed="0" covered="1"/><counter type="METHOD" missed="0" covered="1"/></method><method name="getStartVisibility" desc="()I" line="527"><counter type="INSTRUCTION" missed="0" covered="3"/><counter type="LINE" missed="0" covered="1"/><counter type="COMPLEXITY" missed="0" covered="1"/><counter type="METHOD" missed="0" covered="1"/></method><method name="setEndVisibility" desc="(I)V" line="542"><counter type="INSTRUCTION" missed="0" covered="4"/><counter type="LINE" missed="0" covered="2"/><counter type="COMPLEXITY" missed="0" covered="1"/><counter type="METHOD" missed="0" covered="1"/></method><method name="getEndVisibility" desc="()I" line="553"><counter type="INSTRUCTION" missed="0" covered="3"/><counter type="LINE" missed="0" covered="1"/><counter type="COMPLEXITY" missed="0" covered="1"/><counter type="METHOD" missed="0" covered="1"/></method><method name="setAppearVisibility" desc="(I)V" line="568"><counter type="INSTRUCTION" missed="0" covered="4"/><counter type="LINE" missed="0" covered="2"/><counter type="COMPLEXITY" missed="0" covered="1"/><counter type="METHOD" missed="0" covered="1"/></method><method name="getAppearVisibility" desc="()I" line="580"><counter type="INSTRUCTION" missed="0" covered="3"/><counter type="LINE" missed="0" covered="1"/><counter type="COMPLEXITY" missed="0" covered="1"/><counter type="METHOD" missed="0" covered="1"/></method><method name="setDisappearVisibility" desc="(I)V" line="595"><counter type="INSTRUCTION" missed="0" covered="4"/><counter type="LINE" missed="0" covered="2"/><counter type="COMPLEXITY" missed="0" covered="1"/><counter type="METHOD" missed="0" covered="1"/></method><method name="getDisappearVisibility" desc="()I" line="607"><counter type="INSTRUCTION" missed="0" covered="3"/><counter type="LINE" missed="0" covered="1"/><counter type="COMPLEXITY" missed="0" covered="1"/><counter type="METHOD" missed="0" covered="1"/></method><method name="setCenterGravity" desc="(Ljava/lang/Integer;)V" line="634"><counter type="INSTRUCTION" missed="0" covered="4"/><counter type="LINE" missed="0" covered="2"/><counter type="COMPLEXITY" missed="0" covered="1"/><counter type="METHOD" missed="0" covered="1"/></method><method name="getCenterGravity" desc="()Ljava/lang/Integer;" line="650"><counter type="INSTRUCTION" missed="0" covered="3"/><counter type="LINE" missed="0" covered="1"/><counter type="COMPLEXITY" missed="0" covered="1"/><counter type="METHOD" missed="0" covered="1"/></method><method name="setCenterHorizontalOffset" desc="(I)V" line="667"><counter type="INSTRUCTION" missed="0" covered="4"/><counter type="LINE" missed="0" covered="2"/><counter type="COMPLEXITY" missed="0" covered="1"/><counter type="METHOD" missed="0" covered="1"/></method><method name="getCenterHorizontalOffset" desc="()I" line="678"><counter type="INSTRUCTION" missed="0" covered="3"/><counter type="LINE" missed="0" covered="1"/><counter type="COMPLEXITY" missed="0" covered="1"/><counter type="METHOD" missed="0" covered="1"/></method><method name="setCenterVerticalOffset" desc="(I)V" line="695"><counter type="INSTRUCTION" missed="0" covered="4"/><counter type="LINE" missed="0" covered="2"/><counter type="COMPLEXITY" missed="0" covered="1"/><counter type="METHOD" missed="0" covered="1"/></method><method name="getCenterVerticalOffset" desc="()I" line="706"><counter type="INSTRUCTION" missed="0" covered="3"/><counter type="LINE" missed="0" covered="1"/><counter type="COMPLEXITY" missed="0" covered="1"/><counter type="METHOD" missed="0" covered="1"/></method><method name="setCenterX" desc="(Ljava/lang/Float;)V" line="722"><counter type="INSTRUCTION" missed="0" covered="4"/><counter type="LINE" missed="0" covered="2"/><counter type="COMPLEXITY" missed="0" covered="1"/><counter type="METHOD" missed="0" covered="1"/></method><method name="getCenterX" desc="()Ljava/lang/Float;" line="734"><counter type="INSTRUCTION" missed="0" covered="3"/><counter type="LINE" missed="0" covered="1"/><counter type="COMPLEXITY" missed="0" covered="1"/><counter type="METHOD" missed="0" covered="1"/></method><method name="setCenterY" desc="(Ljava/lang/Float;)V" line="750"><counter type="INSTRUCTION" missed="0" covered="4"/><counter type="LINE" missed="0" covered="2"/><counter type="COMPLEXITY" missed="0" covered="1"/><counter type="METHOD" missed="0" covered="1"/></method><method name="getCenterY" desc="()Ljava/lang/Float;" line="762"><counter type="INSTRUCTION" missed="0" covered="3"/><counter type="LINE" missed="0" covered="1"/><counter type="COMPLEXITY" missed="0" covered="1"/><counter type="METHOD" missed="0" covered="1"/></method><method name="setCenterXFraction" desc="(F)V" line="785"><counter type="INSTRUCTION" missed="0" covered="8"/><counter type="LINE" missed="0" covered="2"/><counter type="COMPLEXITY" missed="0" covered="1"/><counter type="METHOD" missed="0" covered="1"/></method><method name="getCenterXFraction" desc="()F" line="796"><counter type="INSTRUCTION" missed="0" covered="3"/><counter type="LINE" missed="0" covered="1"/><counter type="COMPLEXITY" missed="0" covered="1"/><counter type="METHOD" missed="0" covered="1"/></method><method name="setCenterYFraction" desc="(F)V" line="819"><counter type="INSTRUCTION" missed="0" covered="8"/><counter type="LINE" missed="0" covered="2"/><counter type="COMPLEXITY" missed="0" covered="1"/><counter type="METHOD" missed="0" covered="1"/></method><method name="getCenterYFraction" desc="()F" line="830"><counter type="INSTRUCTION" missed="0" covered="3"/><counter type="LINE" missed="0" covered="1"/><counter type="COMPLEXITY" missed="0" covered="1"/><counter type="METHOD" missed="0" covered="1"/></method><method name="onAppear" desc="(Landroid/view/ViewGroup;Landroid/view/View;Landroid/transition/TransitionValues;Landroid/transition/TransitionValues;)Landroid/animation/Animator;" line="841"><counter type="INSTRUCTION" missed="0" covered="27"/><counter type="BRANCH" missed="0" covered="2"/><counter type="LINE" missed="0" covered="7"/><counter type="COMPLEXITY" missed="0" covered="2"/><counter type="METHOD" missed="0" covered="1"/></method><method name="onDisappear" desc="(Landroid/view/ViewGroup;Landroid/view/View;Landroid/transition/TransitionValues;Landroid/transition/TransitionValues;)Landroid/animation/Animator;" line="859"><counter type="INSTRUCTION" missed="0" covered="27"/><counter type="BRANCH" missed="0" covered="2"/><counter type="LINE" missed="0" covered="7"/><counter type="COMPLEXITY" missed="0" covered="2"/><counter type="METHOD" missed="0" covered="1"/></method><method name="calculateTransitionProperties" desc="(Landroid/view/View;)V" line="877"><counter type="INSTRUCTION" missed="0" covered="84"/><counter type="BRANCH" missed="0" covered="10"/><counter type="LINE" missed="0" covered="11"/><counter type="COMPLEXITY" missed="0" covered="6"/><counter type="METHOD" missed="0" covered="1"/></method><method name="getInfo" desc="()Luniversum/studios/android/transition/Reveal$Info;" line="901"><counter type="INSTRUCTION" missed="0" covered="3"/><counter type="LINE" missed="0" covered="1"/><counter type="COMPLEXITY" missed="0" covered="1"/><counter type="METHOD" missed="0" covered="1"/></method><method name="resolveGravityCenter" desc="(Landroid/view/View;)[F" line="913"><counter type="INSTRUCTION" missed="0" covered="78"/><counter type="BRANCH" missed="0" covered="6"/><counter type="LINE" missed="0" covered="20"/><counter type="COMPLEXITY" missed="0" covered="5"/><counter type="METHOD" missed="0" covered="1"/></method><method name="calculateTransitionRadii" desc="(Landroid/view/View;)[F" line="959"><counter type="INSTRUCTION" missed="0" covered="27"/><counter type="BRANCH" missed="0" covered="2"/><counter type="LINE" missed="0" covered="7"/><counter type="COMPLEXITY" missed="0" covered="2"/><counter type="METHOD" missed="0" covered="1"/></method><method name="calculateTransitionRadius" desc="(Landroid/view/View;)F" line="988"><counter type="INSTRUCTION" missed="0" covered="65"/><counter type="BRANCH" missed="0" covered="4"/><counter type="LINE" missed="0" covered="12"/><counter type="COMPLEXITY" missed="0" covered="3"/><counter type="METHOD" missed="0" covered="1"/></method><method name="createAnimatorFromInfo" desc="(Landroid/view/View;)Landroid/animation/Animator;" line="1019"><counter type="INSTRUCTION" missed="0" covered="17"/><counter type="LINE" missed="0" covered="3"/><counter type="COMPLEXITY" missed="0" covered="1"/><counter type="METHOD" missed="0" covered="1"/></method><method name="&lt;clinit&gt;" desc="()V" line="127"><counter type="INSTRUCTION" missed="0" covered="5"/><counter type="LINE" missed="0" covered="1"/><counter type="COMPLEXITY" missed="0" covered="1"/><counter type="METHOD" missed="0" covered="1"/></method><counter type="INSTRUCTION" missed="140" covered="641"/><counter type="BRANCH" missed="26" covered="30"/><counter type="LINE" missed="25" covered="149"/><counter type="COMPLEXITY" missed="14" covered="63"/><counter type="METHOD" missed="0" covered="48"/><counter type="CLASS" missed="0" covered="1"/></class><class name="universum/studios/android/transition/BasicWindowTransition$1"><method name="&lt;init&gt;" desc="()V" line="55"><counter type="INSTRUCTION" missed="0" covered="3"/><counter type="LINE" missed="0" covered="1"/><counter type="COMPLEXITY" missed="0" covered="1"/><counter type="METHOD" missed="0" covered="1"/></method><method name="createFromParcel" desc="(Landroid/os/Parcel;)Luniversum/studios/android/transition/BasicWindowTransition;" line="60"><counter type="INSTRUCTION" missed="0" covered="5"/><counter type="LINE" missed="0" covered="1"/><counter type="COMPLEXITY" missed="0" covered="1"/><counter type="METHOD" missed="0" covered="1"/></method><method name="newArray" desc="(I)[Luniversum/studios/android/transition/BasicWindowTransition;" line="66"><counter type="INSTRUCTION" missed="0" covered="3"/><counter type="LINE" missed="0" covered="1"/><counter type="COMPLEXITY" missed="0" covered="1"/><counter type="METHOD" missed="0" covered="1"/></method><counter type="INSTRUCTION" missed="0" covered="11"/><counter type="LINE" missed="0" covered="3"/><counter type="COMPLEXITY" missed="0" covered="3"/><counter type="METHOD" missed="0" covered="3"/><counter type="CLASS" missed="0" covered="1"/></class><class name="universum/studios/android/transition/Translate$1"><method name="&lt;init&gt;" desc="()V" line="161"><counter type="INSTRUCTION" missed="0" covered="3"/><counter type="LINE" missed="0" covered="1"/><counter type="COMPLEXITY" missed="0" covered="1"/><counter type="METHOD" missed="0" covered="1"/></method><method name="resolveDeltaX" desc="(Landroid/view/ViewGroup;Landroid/view/View;IF)F" line="171"><counter type="INSTRUCTION" missed="0" covered="9"/><counter type="LINE" missed="0" covered="1"/><counter type="COMPLEXITY" missed="0" covered="1"/><counter type="METHOD" missed="0" covered="1"/></method><method name="resolveDeltaY" desc="(Landroid/view/ViewGroup;Landroid/view/View;IF)F" line="182"><counter type="INSTRUCTION" missed="0" covered="9"/><counter type="LINE" missed="0" covered="1"/><counter type="COMPLEXITY" missed="0" covered="1"/><counter type="METHOD" missed="0" covered="1"/></method><method name="resolveDelta" desc="(IFII)F" line="201"><counter type="INSTRUCTION" missed="10" covered="4"/><counter type="BRANCH" missed="2" covered="1"/><counter type="LINE" missed="2" covered="2"/><counter type="COMPLEXITY" missed="2" covered="1"/><counter type="METHOD" missed="0" covered="1"/></method><counter type="INSTRUCTION" missed="10" covered="25"/><counter type="BRANCH" missed="2" covered="1"/><counter type="LINE" missed="2" covered="5"/><counter type="COMPLEXITY" missed="2" covered="4"/><counter type="METHOD" missed="0" covered="4"/><counter type="CLASS" missed="0" covered="1"/></class><class name="universum/studios/android/transition/ExtraWindowTransitions"><method name="&lt;init&gt;" desc="()V" line="134"><counter type="INSTRUCTION" missed="0" covered="6"/><counter type="LINE" missed="0" covered="2"/><counter type="COMPLEXITY" missed="0" covered="1"/><counter type="METHOD" missed="0" covered="1"/></method><method name="&lt;clinit&gt;" desc="()V" line="48"><counter type="INSTRUCTION" missed="0" covered="37"/><counter type="LINE" missed="0" covered="4"/><counter type="COMPLEXITY" missed="0" covered="1"/><counter type="METHOD" missed="0" covered="1"/></method><counter type="INSTRUCTION" missed="0" covered="43"/><counter type="LINE" missed="0" covered="6"/><counter type="COMPLEXITY" missed="0" covered="2"/><counter type="METHOD" missed="0" covered="2"/><counter type="CLASS" missed="0" covered="1"/></class><class name="universum/studios/android/transition/Translate"><method name="&lt;init&gt;" desc="()V" line="241"><counter type="INSTRUCTION" missed="0" covered="9"/><counter type="LINE" missed="0" covered="4"/><counter type="COMPLEXITY" missed="0" covered="1"/><counter type="METHOD" missed="0" covered="1"/></method><method name="&lt;init&gt;" desc="(I)V" line="241"><counter type="INSTRUCTION" missed="0" covered="12"/><counter type="LINE" missed="0" covered="5"/><counter type="COMPLEXITY" missed="0" covered="1"/><counter type="METHOD" missed="0" covered="1"/></method><method name="&lt;init&gt;" desc="(Landroid/content/Context;Landroid/util/AttributeSet;)V" line="241"><counter type="INSTRUCTION" missed="41" covered="31"/><counter type="BRANCH" missed="5" covered="1"/><counter type="LINE" missed="9" covered="9"/><counter type="COMPLEXITY" missed="3" covered="1"/><counter type="METHOD" missed="0" covered="1"/></method><method name="createAnimator" desc="(Landroid/transition/Transition;Landroid/view/View;Landroid/transition/TransitionValues;IIFFFF)Landroid/animation/Animator;" line="337"><counter type="INSTRUCTION" missed="2" covered="120"/><counter type="BRANCH" missed="1" covered="7"/><counter type="LINE" missed="1" covered="27"/><counter type="COMPLEXITY" missed="1" covered="4"/><counter type="METHOD" missed="0" covered="1"/></method><method name="setTranslationXDelta" desc="(F)V" line="396"><counter type="INSTRUCTION" missed="0" covered="4"/><counter type="LINE" missed="0" covered="2"/><counter type="COMPLEXITY" missed="0" covered="1"/><counter type="METHOD" missed="0" covered="1"/></method><method name="getTranslationXDelta" desc="()F" line="408"><counter type="INSTRUCTION" missed="0" covered="3"/><counter type="LINE" missed="0" covered="1"/><counter type="COMPLEXITY" missed="0" covered="1"/><counter type="METHOD" missed="0" covered="1"/></method><method name="setTranslationYDelta" desc="(F)V" line="429"><counter type="INSTRUCTION" missed="0" covered="4"/><counter type="LINE" missed="0" covered="2"/><counter type="COMPLEXITY" missed="0" covered="1"/><counter type="METHOD" missed="0" covered="1"/></method><method name="getTranslationYDelta" desc="()F" line="441"><counter type="INSTRUCTION" missed="0" covered="3"/><counter type="LINE" missed="0" covered="1"/><counter type="COMPLEXITY" missed="0" covered="1"/><counter type="METHOD" missed="0" covered="1"/></method><method name="setTranslationXRelativity" desc="(I)V" line="458"><counter type="INSTRUCTION" missed="0" covered="4"/><counter type="LINE" missed="0" covered="2"/><counter type="COMPLEXITY" missed="0" covered="1"/><counter type="METHOD" missed="0" covered="1"/></method><method name="getTranslationXRelativity" desc="()I" line="469"><counter type="INSTRUCTION" missed="0" covered="3"/><counter type="LINE" missed="0" covered="1"/><counter type="COMPLEXITY" missed="0" covered="1"/><counter type="METHOD" missed="0" covered="1"/></method><method name="setTranslationYRelativity" desc="(I)V" line="486"><counter type="INSTRUCTION" missed="0" covered="4"/><counter type="LINE" missed="0" covered="2"/><counter type="COMPLEXITY" missed="0" covered="1"/><counter type="METHOD" missed="0" covered="1"/></method><method name="getTranslationYRelativity" desc="()I" line="497"><counter type="INSTRUCTION" missed="0" covered="3"/><counter type="LINE" missed="0" covered="1"/><counter type="COMPLEXITY" missed="0" covered="1"/><counter type="METHOD" missed="0" covered="1"/></method><method name="captureStartValues" desc="(Landroid/transition/TransitionValues;)V" line="503"><counter type="INSTRUCTION" missed="0" covered="7"/><counter type="LINE" missed="0" covered="3"/><counter type="COMPLEXITY" missed="0" covered="1"/><counter type="METHOD" missed="0" covered="1"/></method><method name="captureEndValues" desc="(Landroid/transition/TransitionValues;)V" line="510"><counter type="INSTRUCTION" missed="0" covered="7"/><counter type="LINE" missed="0" covered="3"/><counter type="COMPLEXITY" missed="0" covered="1"/><counter type="METHOD" missed="0" covered="1"/></method><method name="captureValues" desc="(Landroid/transition/TransitionValues;)V" line="521"><counter type="INSTRUCTION" missed="0" covered="14"/><counter type="LINE" missed="0" covered="4"/><counter type="COMPLEXITY" missed="0" covered="1"/><counter type="METHOD" missed="0" covered="1"/></method><method name="onAppear" desc="(Landroid/view/ViewGroup;Landroid/view/View;Landroid/transition/TransitionValues;Landroid/transition/TransitionValues;)Landroid/animation/Animator;" line="534"><counter type="INSTRUCTION" missed="0" covered="58"/><counter type="BRANCH" missed="0" covered="4"/><counter type="LINE" missed="0" covered="10"/><counter type="COMPLEXITY" missed="0" covered="3"/><counter type="METHOD" missed="0" covered="1"/></method><method name="onDisappear" desc="(Landroid/view/ViewGroup;Landroid/view/View;Landroid/transition/TransitionValues;Landroid/transition/TransitionValues;)Landroid/animation/Animator;" line="563"><counter type="INSTRUCTION" missed="0" covered="58"/><counter type="BRANCH" missed="0" covered="4"/><counter type="LINE" missed="0" covered="10"/><counter type="COMPLEXITY" missed="0" covered="3"/><counter type="METHOD" missed="0" covered="1"/></method><method name="&lt;clinit&gt;" desc="()V" line="97"><counter type="INSTRUCTION" missed="0" covered="19"/><counter type="LINE" missed="0" covered="3"/><counter type="COMPLEXITY" missed="0" covered="1"/><counter type="METHOD" missed="0" covered="1"/></method><counter type="INSTRUCTION" missed="43" covered="363"/><counter type="BRANCH" missed="6" covered="16"/><counter type="LINE" missed="10" covered="86"/><counter type="COMPLEXITY" missed="4" covered="25"/><counter type="METHOD" missed="0" covered="18"/><counter type="CLASS" missed="0" covered="1"/></class><class name="universum/studios/android/transition/Translate$TransitionAnimatorListener"><method name="&lt;init&gt;" desc="(Landroid/view/View;Landroid/view/View;FFFF)V" line="759"><counter type="INSTRUCTION" missed="0" covered="45"/><counter type="BRANCH" missed="0" covered="2"/><counter type="LINE" missed="0" covered="11"/><counter type="COMPLEXITY" missed="0" covered="2"/><counter type="METHOD" missed="0" covered="1"/></method><method name="onAnimationCancel" desc="(Landroid/animation/Animator;)V" line="775"><counter type="INSTRUCTION" missed="4" covered="32"/><counter type="BRANCH" missed="1" covered="1"/><counter type="LINE" missed="1" covered="5"/><counter type="COMPLEXITY" missed="1" covered="1"/><counter type="METHOD" missed="0" covered="1"/></method><method name="onAnimationPause" desc="(Landroid/animation/Animator;)V" line="786"><counter type="INSTRUCTION" missed="0" covered="21"/><counter type="LINE" missed="0" covered="5"/><counter type="COMPLEXITY" missed="0" covered="1"/><counter type="METHOD" missed="0" covered="1"/></method><method name="onAnimationResume" desc="(Landroid/animation/Animator;)V" line="795"><counter type="INSTRUCTION" missed="0" covered="11"/><counter type="LINE" missed="0" covered="3"/><counter type="COMPLEXITY" missed="0" covered="1"/><counter type="METHOD" missed="0" covered="1"/></method><method name="onTransitionStart" desc="(Landroid/transition/Transition;)V" line="803"><counter type="INSTRUCTION" missed="0" covered="1"/><counter type="LINE" missed="0" covered="1"/><counter type="COMPLEXITY" missed="0" covered="1"/><counter type="METHOD" missed="0" covered="1"/></method><method name="onTransitionEnd" desc="(Landroid/transition/Transition;)V" line="808"><counter type="INSTRUCTION" missed="0" covered="11"/><counter type="LINE" missed="0" covered="3"/><counter type="COMPLEXITY" missed="0" covered="1"/><counter type="METHOD" missed="0" covered="1"/></method><method name="onTransitionCancel" desc="(Landroid/transition/Transition;)V" line="816"><counter type="INSTRUCTION" missed="0" covered="1"/><counter type="LINE" missed="0" covered="1"/><counter type="COMPLEXITY" missed="0" covered="1"/><counter type="METHOD" missed="0" covered="1"/></method><method name="onTransitionPause" desc="(Landroid/transition/Transition;)V" line="822"><counter type="INSTRUCTION" missed="0" covered="1"/><counter type="LINE" missed="0" covered="1"/><counter type="COMPLEXITY" missed="0" covered="1"/><counter type="METHOD" missed="0" covered="1"/></method><method name="onTransitionResume" desc="(Landroid/transition/Transition;)V" line="828"><counter type="INSTRUCTION" missed="0" covered="1"/><counter type="LINE" missed="0" covered="1"/><counter type="COMPLEXITY" missed="0" covered="1"/><counter type="METHOD" missed="0" covered="1"/></method><counter type="INSTRUCTION" missed="4" covered="124"/><counter type="BRANCH" missed="1" covered="3"/><counter type="LINE" missed="1" covered="31"/><counter type="COMPLEXITY" missed="1" covered="10"/><counter type="METHOD" missed="0" covered="9"/><counter type="CLASS" missed="0" covered="1"/></class><class name="universum/studios/android/transition/NavigationalCompatTransition"><method name="&lt;init&gt;" desc="()V" line="68"><counter type="INSTRUCTION" missed="0" covered="3"/><counter type="LINE" missed="0" covered="2"/><counter type="COMPLEXITY" missed="0" covered="1"/><counter type="METHOD" missed="0" covered="1"/></method><method name="&lt;init&gt;" desc="(Ljava/lang/Class;)V" line="80"><counter type="INSTRUCTION" missed="0" covered="4"/><counter type="LINE" missed="0" covered="2"/><counter type="COMPLEXITY" missed="0" covered="1"/><counter type="METHOD" missed="0" covered="1"/></method><method name="start" desc="(Landroid/support/v4/app/Fragment;)V" line="101"><counter type="INSTRUCTION" missed="0" covered="8"/><counter type="LINE" missed="0" covered="3"/><counter type="COMPLEXITY" missed="0" covered="1"/><counter type="METHOD" missed="0" covered="1"/></method><method name="onStart" desc="(Landroid/support/v4/app/Fragment;)V" line="120"><counter type="INSTRUCTION" missed="0" covered="44"/><counter type="BRANCH" missed="0" covered="6"/><counter type="LINE" missed="0" covered="10"/><counter type="COMPLEXITY" missed="0" covered="4"/><counter type="METHOD" missed="0" covered="1"/></method><method name="finish" desc="(Landroid/support/v4/app/Fragment;)V" line="141"><counter type="INSTRUCTION" missed="0" covered="4"/><counter type="LINE" missed="0" covered="2"/><counter type="COMPLEXITY" missed="0" covered="1"/><counter type="METHOD" missed="0" covered="1"/></method><method name="onFinish" desc="(Landroid/support/v4/app/Fragment;)V" line="155"><counter type="INSTRUCTION" missed="0" covered="5"/><counter type="LINE" missed="0" covered="2"/><counter type="COMPLEXITY" missed="0" covered="1"/><counter type="METHOD" missed="0" covered="1"/></method><counter type="INSTRUCTION" missed="0" covered="68"/><counter type="BRANCH" missed="0" covered="6"/><counter type="LINE" missed="0" covered="21"/><counter type="COMPLEXITY" missed="0" covered="9"/><counter type="METHOD" missed="0" covered="6"/><counter type="CLASS" missed="0" covered="1"/></class><class name="universum/studios/android/transition/NavigationalTransitionCompat"><method name="&lt;init&gt;" desc="()V" line="46"><counter type="INSTRUCTION" missed="0" covered="3"/><counter type="LINE" missed="0" covered="2"/><counter type="COMPLEXITY" missed="0" covered="1"/><counter type="METHOD" missed="0" covered="1"/></method><method name="&lt;init&gt;" desc="(Ljava/lang/Class;)V" line="58"><counter type="INSTRUCTION" missed="0" covered="4"/><counter type="LINE" missed="0" covered="2"/><counter type="COMPLEXITY" missed="0" covered="1"/><counter type="METHOD" missed="0" covered="1"/></method><counter type="INSTRUCTION" missed="0" covered="7"/><counter type="LINE" missed="0" covered="4"/><counter type="COMPLEXITY" missed="0" covered="2"/><counter type="METHOD" missed="0" covered="2"/><counter type="CLASS" missed="0" covered="1"/></class><class name="universum/studios/android/transition/Scale"><method name="&lt;init&gt;" desc="()V" line="187"><counter type="INSTRUCTION" missed="0" covered="4"/><counter type="LINE" missed="0" covered="2"/><counter type="COMPLEXITY" missed="0" covered="1"/><counter type="METHOD" missed="0" covered="1"/></method><method name="&lt;init&gt;" desc="(I)V" line="153"><counter type="INSTRUCTION" missed="0" covered="17"/><counter type="LINE" missed="0" covered="6"/><counter type="COMPLEXITY" missed="0" covered="1"/><counter type="METHOD" missed="0" covered="1"/></method><method name="&lt;init&gt;" desc="(Landroid/content/Context;Landroid/util/AttributeSet;)V" line="153"><counter type="INSTRUCTION" missed="55" covered="33"/><counter type="BRANCH" missed="9" covered="1"/><counter type="LINE" missed="9" covered="9"/><counter type="COMPLEXITY" missed="5" covered="1"/><counter type="METHOD" missed="0" covered="1"/></method><method name="createAnimator" desc="(Landroid/view/View;FF)Landroid/animation/Animator;" line="250"><counter type="INSTRUCTION" missed="0" covered="7"/><counter type="LINE" missed="0" covered="1"/><counter type="COMPLEXITY" missed="0" covered="1"/><counter type="METHOD" missed="0" covered="1"/></method><method name="createAnimator" desc="(Landroid/view/View;FFFF)Landroid/animation/Animator;" line="275"><counter type="INSTRUCTION" missed="0" covered="85"/><counter type="BRANCH" missed="0" covered="6"/><counter type="LINE" missed="0" covered="15"/><counter type="COMPLEXITY" missed="0" covered="4"/><counter type="METHOD" missed="0" covered="1"/></method><method name="setPivotX" desc="(Ljava/lang/Float;)V" line="310"><counter type="INSTRUCTION" missed="0" covered="4"/><counter type="LINE" missed="0" covered="2"/><counter type="COMPLEXITY" missed="0" covered="1"/><counter type="METHOD" missed="0" covered="1"/></method><method name="getPivotX" desc="()Ljava/lang/Float;" line="321"><counter type="INSTRUCTION" missed="0" covered="3"/><counter type="LINE" missed="0" covered="1"/><counter type="COMPLEXITY" missed="0" covered="1"/><counter type="METHOD" missed="0" covered="1"/></method><method name="setPivotY" desc="(Ljava/lang/Float;)V" line="338"><counter type="INSTRUCTION" missed="0" covered="4"/><counter type="LINE" missed="0" covered="2"/><counter type="COMPLEXITY" missed="0" covered="1"/><counter type="METHOD" missed="0" covered="1"/></method><method name="getPivotY" desc="()Ljava/lang/Float;" line="349"><counter type="INSTRUCTION" missed="0" covered="3"/><counter type="LINE" missed="0" covered="1"/><counter type="COMPLEXITY" missed="0" covered="1"/><counter type="METHOD" missed="0" covered="1"/></method><method name="setPivotXFraction" desc="(F)V" line="367"><counter type="INSTRUCTION" missed="0" covered="8"/><counter type="LINE" missed="0" covered="2"/><counter type="COMPLEXITY" missed="0" covered="1"/><counter type="METHOD" missed="0" covered="1"/></method><method name="getPivotXFraction" desc="()F" line="378"><counter type="INSTRUCTION" missed="0" covered="3"/><counter type="LINE" missed="0" covered="1"/><counter type="COMPLEXITY" missed="0" covered="1"/><counter type="METHOD" missed="0" covered="1"/></method><method name="setPivotYFraction" desc="(F)V" line="396"><counter type="INSTRUCTION" missed="0" covered="8"/><counter type="LINE" missed="0" covered="2"/><counter type="COMPLEXITY" missed="0" covered="1"/><counter type="METHOD" missed="0" covered="1"/></method><method name="getPivotYFraction" desc="()F" line="407"><counter type="INSTRUCTION" missed="0" covered="3"/><counter type="LINE" missed="0" covered="1"/><counter type="COMPLEXITY" missed="0" covered="1"/><counter type="METHOD" missed="0" covered="1"/></method><method name="captureStartValues" desc="(Landroid/transition/TransitionValues;)V" line="413"><counter type="INSTRUCTION" missed="0" covered="22"/><counter type="LINE" missed="0" covered="4"/><counter type="COMPLEXITY" missed="0" covered="1"/><counter type="METHOD" missed="0" covered="1"/></method><method name="obtainStartScales" desc="(Landroid/transition/TransitionValues;FF)[F" line="433"><counter type="INSTRUCTION" missed="0" covered="43"/><counter type="BRANCH" missed="0" covered="6"/><counter type="LINE" missed="0" covered="10"/><counter type="COMPLEXITY" missed="0" covered="4"/><counter type="METHOD" missed="0" covered="1"/></method><method name="onAppear" desc="(Landroid/view/ViewGroup;Landroid/view/View;Landroid/transition/TransitionValues;Landroid/transition/TransitionValues;)Landroid/animation/Animator;" line="456"><counter type="INSTRUCTION" missed="0" covered="45"/><counter type="BRANCH" missed="0" covered="4"/><counter type="LINE" missed="0" covered="5"/><counter type="COMPLEXITY" missed="0" covered="3"/><counter type="METHOD" missed="0" covered="1"/></method><method name="onDisappear" desc="(Landroid/view/ViewGroup;Landroid/view/View;Landroid/transition/TransitionValues;Landroid/transition/TransitionValues;)Landroid/animation/Animator;" line="477"><counter type="INSTRUCTION" missed="0" covered="29"/><counter type="LINE" missed="0" covered="5"/><counter type="COMPLEXITY" missed="0" covered="1"/><counter type="METHOD" missed="0" covered="1"/></method><method name="calculateTransitionProperties" desc="(Landroid/view/View;)V" line="490"><counter type="INSTRUCTION" missed="0" covered="33"/><counter type="BRANCH" missed="0" covered="4"/><counter type="LINE" missed="0" covered="3"/><counter type="COMPLEXITY" missed="0" covered="3"/><counter type="METHOD" missed="0" covered="1"/></method><method name="getInfo" desc="()Luniversum/studios/android/transition/Scale$Info;" line="503"><counter type="INSTRUCTION" missed="0" covered="3"/><counter type="LINE" missed="0" covered="1"/><counter type="COMPLEXITY" missed="0" covered="1"/><counter type="METHOD" missed="0" covered="1"/></method><method name="&lt;clinit&gt;" desc="()V" line="125"><counter type="INSTRUCTION" missed="0" covered="25"/><counter type="LINE" missed="0" covered="3"/><counter type="COMPLEXITY" missed="0" covered="1"/><counter type="METHOD" missed="0" covered="1"/></method><counter type="INSTRUCTION" missed="55" covered="382"/><counter type="BRANCH" missed="9" covered="21"/><counter type="LINE" missed="9" covered="73"/><counter type="COMPLEXITY" missed="5" covered="30"/><counter type="METHOD" missed="0" covered="20"/><counter type="CLASS" missed="0" covered="1"/></class><class name="universum/studios/android/transition/NavigationalTransition"><method name="&lt;init&gt;" desc="()V" line="70"><counter type="INSTRUCTION" missed="0" covered="3"/><counter type="LINE" missed="0" covered="2"/><counter type="COMPLEXITY" missed="0" covered="1"/><counter type="METHOD" missed="0" covered="1"/></method><method name="&lt;init&gt;" desc="(Ljava/lang/Class;)V" line="81"><counter type="INSTRUCTION" missed="0" covered="4"/><counter type="LINE" missed="0" covered="2"/><counter type="COMPLEXITY" missed="0" covered="1"/><counter type="METHOD" missed="0" covered="1"/></method><method name="start" desc="(Landroid/app/Fragment;)V" line="101"><counter type="INSTRUCTION" missed="0" covered="10"/><counter type="LINE" missed="0" covered="4"/><counter type="COMPLEXITY" missed="0" covered="1"/><counter type="METHOD" missed="0" covered="1"/></method><method name="onStart" desc="(Landroid/app/Fragment;)V" line="120"><counter type="INSTRUCTION" missed="0" covered="44"/><counter type="BRANCH" missed="0" covered="6"/><counter type="LINE" missed="0" covered="10"/><counter type="COMPLEXITY" missed="0" covered="4"/><counter type="METHOD" missed="0" covered="1"/></method><method name="finish" desc="(Landroid/app/Fragment;)V" line="140"><counter type="INSTRUCTION" missed="0" covered="4"/><counter type="LINE" missed="0" covered="2"/><counter type="COMPLEXITY" missed="0" covered="1"/><counter type="METHOD" missed="0" covered="1"/></method><method name="onFinish" desc="(Landroid/app/Fragment;)V" line="153"><counter type="INSTRUCTION" missed="0" covered="5"/><counter type="LINE" missed="0" covered="2"/><counter type="COMPLEXITY" missed="0" covered="1"/><counter type="METHOD" missed="0" covered="1"/></method><counter type="INSTRUCTION" missed="0" covered="70"/><counter type="BRANCH" missed="0" covered="6"/><counter type="LINE" missed="0" covered="22"/><counter type="COMPLEXITY" missed="0" covered="9"/><counter type="METHOD" missed="0" covered="6"/><counter type="CLASS" missed="0" covered="1"/></class><class name="universum/studios/android/transition/Translate$Description"><method name="&lt;init&gt;" desc="(IF)V" line="647"><counter type="INSTRUCTION" missed="9" covered="0"/><counter type="LINE" missed="4" covered="0"/><counter type="COMPLEXITY" missed="1" covered="0"/><counter type="METHOD" missed="1" covered="0"/></method><method name="parseValue" desc="(Landroid/content/res/Resources;Landroid/util/TypedValue;)Luniversum/studios/android/transition/Translate$Description;" line="661"><counter type="INSTRUCTION" missed="54" covered="0"/><counter type="BRANCH" missed="12" covered="0"/><counter type="LINE" missed="14" covered="0"/><counter type="COMPLEXITY" missed="8" covered="0"/><counter type="METHOD" missed="1" covered="0"/></method><counter type="INSTRUCTION" missed="63" covered="0"/><counter type="BRANCH" missed="12" covered="0"/><counter type="LINE" missed="18" covered="0"/><counter type="COMPLEXITY" missed="9" covered="0"/><counter type="METHOD" missed="2" covered="0"/><counter type="CLASS" missed="1" covered="0"/></class><class name="universum/studios/android/transition/BasicWindowTransition"><method name="&lt;init&gt;" desc="(II)V" line="108"><counter type="INSTRUCTION" missed="0" covered="7"/><counter type="LINE" missed="0" covered="2"/><counter type="COMPLEXITY" missed="0" covered="1"/><counter type="METHOD" missed="0" covered="1"/></method><method name="&lt;init&gt;" desc="(IIII)V" line="121"><counter type="INSTRUCTION" missed="0" covered="8"/><counter type="LINE" missed="0" covered="2"/><counter type="COMPLEXITY" missed="0" covered="1"/><counter type="METHOD" missed="0" covered="1"/></method><method name="&lt;init&gt;" desc="(IIIILjava/lang/String;)V" line="145"><counter type="INSTRUCTION" missed="0" covered="18"/><counter type="LINE" missed="0" covered="7"/><counter type="COMPLEXITY" missed="0" covered="1"/><counter type="METHOD" missed="0" covered="1"/></method><method name="&lt;init&gt;" desc="(Landroid/os/Parcel;)V" line="159"><counter type="INSTRUCTION" missed="0" covered="23"/><counter type="LINE" missed="0" covered="7"/><counter type="COMPLEXITY" missed="0" covered="1"/><counter type="METHOD" missed="0" covered="1"/></method><method name="writeToParcel" desc="(Landroid/os/Parcel;I)V" line="174"><counter type="INSTRUCTION" missed="0" covered="21"/><counter type="LINE" missed="0" covered="6"/><counter type="COMPLEXITY" missed="0" covered="1"/><counter type="METHOD" missed="0" covered="1"/></method><method name="describeContents" desc="()I" line="184"><counter type="INSTRUCTION" missed="0" covered="2"/><counter type="LINE" missed="0" covered="1"/><counter type="COMPLEXITY" missed="0" covered="1"/><counter type="METHOD" missed="0" covered="1"/></method><method name="getStartEnterAnimation" desc="()I" line="190"><counter type="INSTRUCTION" missed="0" covered="3"/><counter type="LINE" missed="0" covered="1"/><counter type="COMPLEXITY" missed="0" covered="1"/><counter type="METHOD" missed="0" covered="1"/></method><method name="getStartExitAnimation" desc="()I" line="196"><counter type="INSTRUCTION" missed="0" covered="3"/><counter type="LINE" missed="0" covered="1"/><counter type="COMPLEXITY" missed="0" covered="1"/><counter type="METHOD" missed="0" covered="1"/></method><method name="getFinishEnterAnimation" desc="()I" line="202"><counter type="INSTRUCTION" missed="0" covered="3"/><counter type="LINE" missed="0" covered="1"/><counter type="COMPLEXITY" missed="0" covered="1"/><counter type="METHOD" missed="0" covered="1"/></method><method name="getFinishExitAnimation" desc="()I" line="208"><counter type="INSTRUCTION" missed="0" covered="3"/><counter type="LINE" missed="0" covered="1"/><counter type="COMPLEXITY" missed="0" covered="1"/><counter type="METHOD" missed="0" covered="1"/></method><method name="getName" desc="()Ljava/lang/String;" line="214"><counter type="INSTRUCTION" missed="0" covered="3"/><counter type="LINE" missed="0" covered="1"/><counter type="COMPLEXITY" missed="0" covered="1"/><counter type="METHOD" missed="0" covered="1"/></method><method name="overrideStart" desc="(Landroid/app/Activity;)V" line="220"><counter type="INSTRUCTION" missed="0" covered="7"/><counter type="LINE" missed="0" covered="2"/><counter type="COMPLEXITY" missed="0" covered="1"/><counter type="METHOD" missed="0" covered="1"/></method><method name="overrideFinish" desc="(Landroid/app/Activity;)V" line="226"><counter type="INSTRUCTION" missed="0" covered="7"/><counter type="LINE" missed="0" covered="2"/><counter type="COMPLEXITY" missed="0" covered="1"/><counter type="METHOD" missed="0" covered="1"/></method><method name="&lt;clinit&gt;" desc="()V" line="55"><counter type="INSTRUCTION" missed="0" covered="5"/><counter type="LINE" missed="0" covered="1"/><counter type="COMPLEXITY" missed="0" covered="1"/><counter type="METHOD" missed="0" covered="1"/></method><counter type="INSTRUCTION" missed="0" covered="113"/><counter type="LINE" missed="0" covered="35"/><counter type="COMPLEXITY" missed="0" covered="14"/><counter type="METHOD" missed="0" covered="14"/><counter type="CLASS" missed="0" covered="1"/></class><class name="universum/studios/android/transition/WindowTransitions"><method name=
[...]
"0" ci="3" mb="0" cb="0"/><line nr="212" mi="2" ci="5" mb="1" cb="1"/><line nr="213" mi="4" ci="0" mb="0" cb="0"/><line nr="214" mi="3" ci="0" mb="2" cb="0"/><line nr="215" mi="10" ci="0" mb="0" cb="0"/><line nr="216" mi="3" ci="0" mb="2" cb="0"/><line nr="217" mi="10" ci="0" mb="0" cb="0"/><line nr="218" mi="3" ci="0" mb="2" cb="0"/><line nr="219" mi="9" ci="0" mb="0" cb="0"/><line nr="220" mi="3" ci="0" mb="2" cb="0"/><line nr="221" mi="8" ci="0" mb="0" cb="0"/><line nr="224" mi="0" ci="2" mb="0" cb="0"/><line nr="225" mi="0" ci="1" mb="0" cb="0"/><line nr="250" mi="0" ci="7" mb="0" cb="0"/><line nr="275" mi="0" ci="3" mb="0" cb="2"/><line nr="276" mi="0" ci="2" mb="0" cb="0"/><line nr="278" mi="0" ci="6" mb="0" cb="0"/><line nr="279" mi="0" ci="6" mb="0" cb="0"/><line nr="280" mi="0" ci="6" mb="0" cb="0"/><line nr="281" mi="0" ci="6" mb="0" cb="0"/><line nr="282" mi="0" ci="8" mb="0" cb="4"/><line nr="283" mi="0" ci="2" mb="0" cb="0"/><line nr="285" mi="0" ci="3" mb="0" cb="0"/><line nr="286" mi="0" ci="3" mb="0" cb="0"/><line nr="287" mi="0" ci="18" mb="0" cb="0"/><line nr="289" mi="0" ci="15" mb="0" cb="0"/><line nr="290" mi="0" ci="2" mb="0" cb="0"/><line nr="292" mi="0" ci="3" mb="0" cb="0"/><line nr="293" mi="0" ci="2" mb="0" cb="0"/><line nr="310" mi="0" ci="3" mb="0" cb="0"/><line nr="311" mi="0" ci="1" mb="0" cb="0"/><line nr="321" mi="0" ci="3" mb="0" cb="0"/><line nr="338" mi="0" ci="3" mb="0" cb="0"/><line nr="339" mi="0" ci="1" mb="0" cb="0"/><line nr="349" mi="0" ci="3" mb="0" cb="0"/><line nr="367" mi="0" ci="7" mb="0" cb="0"/><line nr="368" mi="0" ci="1" mb="0" cb="0"/><line nr="378" mi="0" ci="3" mb="0" cb="0"/><line nr="396" mi="0" ci="7" mb="0" cb="0"/><line nr="397" mi="0" ci="1" mb="0" cb="0"/><line nr="407" mi="0" ci="3" mb="0" cb="0"/><line nr="413" mi="0" ci="3" mb="0" cb="0"/><line nr="414" mi="0" ci="9" mb="0" cb="0"/><line nr="415" mi="0" ci="9" mb="0" cb="0"/><line nr="416" mi="0" ci="1" mb="0" cb="0"/><line nr="433" mi="0" ci="11" mb="0" cb="0"/><line nr="434" mi="0" ci="2" mb="0" cb="2"/><line nr="435" mi="0" ci="2" mb="0" cb="0"/><line nr="437" mi="0" ci="6" mb="0" cb="0"/><line nr="438" mi="0" ci="2" mb="0" cb="2"/><line nr="439" mi="0" ci="5" mb="0" cb="0"/><line nr="441" mi="0" ci="6" mb="0" cb="0"/><line nr="442" mi="0" ci="2" mb="0" cb="2"/><line nr="443" mi="0" ci="5" mb="0" cb="0"/><line nr="445" mi="0" ci="2" mb="0" cb="0"/><line nr="456" mi="0" ci="3" mb="0" cb="0"/><line nr="457" mi="0" ci="5" mb="0" cb="0"/><line nr="458" mi="0" ci="5" mb="0" cb="0"/><line nr="459" mi="0" ci="5" mb="0" cb="0"/><line nr="460" mi="0" ci="27" mb="0" cb="4"/><line nr="477" mi="0" ci="3" mb="0" cb="0"/><line nr="478" mi="0" ci="5" mb="0" cb="0"/><line nr="479" mi="0" ci="5" mb="0" cb="0"/><line nr="480" mi="0" ci="5" mb="0" cb="0"/><line nr="481" mi="0" ci="11" mb="0" cb="0"/><line nr="490" mi="0" ci="16" mb="0" cb="2"/><line nr="491" mi="0" ci="16" mb="0" cb="2"/><line nr="492" mi="0" ci="1" mb="0" cb="0"/><line nr="503" mi="0" ci="3" mb="0" cb="0"/><line nr="514" mi="0" ci="3" mb="0" cb="0"/><counter type="INSTRUCTION" missed="55" covered="385"/><counter type="BRANCH" missed="9" covered="21"/><counter type="LINE" missed="9" covered="74"/><counter type="COMPLEXITY" missed="5" covered="31"/><counter type="METHOD" missed="0" covered="21"/><counter type="CLASS" missed="0" covered="2"/></sourcefile><sourcefile name="Translate.java"><line nr="97" mi="0" ci="10" mb="0" cb="0"/><line nr="154" mi="0" ci="4" mb="0" cb="0"/><line nr="161" mi="0" ci="8" mb="0" cb="0"/><line nr="171" mi="0" ci="9" mb="0" cb="0"/><line nr="182" mi="0" ci="9" mb="0" cb="0"/><line nr="201" mi="0" ci="2" mb="2" cb="1"/><line nr="203" mi="5" ci="0" mb="0" cb="0"/><line nr="205" mi="5" ci="0" mb="0" cb="0"/><line nr="208" mi="0" ci="2" mb="0" cb="0"/><line nr="241" mi="0" ci="9" mb="0" cb="0"/><line nr="247" mi="0" ci="9" mb="0" cb="0"/><line nr="257" mi="0" ci="2" mb="0" cb="0"/><line nr="258" mi="0" ci="1" mb="0" cb="0"/><line nr="266" mi="0" ci="2" mb="0" cb="0"/><line nr="267" mi="0" ci="3" mb="0" cb="0"/><line nr="268" mi="0" ci="1" mb="0" cb="0"/><line nr="279" mi="0" ci="4" mb="0" cb="0"/><line nr="280" mi="0" ci="3" mb="0" cb="0"/><line nr="281" mi="0" ci="7" mb="0" cb="0"/><line nr="282" mi="0" ci="3" mb="0" cb="0"/><line nr="283" mi="2" ci="5" mb="1" cb="1"/><line nr="284" mi="4" ci="0" mb="0" cb="0"/><line nr="285" mi="3" ci="0" mb="2" cb="0"/><line nr="286" mi="6" ci="0" mb="0" cb="0"/><line nr="287" mi="4" ci="0" mb="0" cb="0"/><line nr="288" mi="4" ci="0" mb="0" cb="0"/><line nr="289" mi="4" ci="0" mb="2" cb="0"/><line nr="290" mi="6" ci="0" mb="0" cb="0"/><line nr="291" mi="4" ci="0" mb="0" cb="0"/><line nr="292" mi="4" ci="0" mb="0" cb="0"/><line nr="295" mi="0" ci="2" mb="0" cb="0"/><line nr="296" mi="0" ci="1" mb="0" cb="0"/><line nr="337" mi="0" ci="3" mb="0" cb="2"/><line nr="338" mi="0" ci="2" mb="0" cb="0"/><line nr="340" mi="0" ci="2" mb="0" cb="0"/><line nr="341" mi="0" ci="2" mb="0" cb="0"/><line nr="342" mi="0" ci="2" mb="0" cb="0"/><line nr="343" mi="0" ci="2" mb="0" cb="0"/><line nr="344" mi="0" ci="3" mb="0" cb="0"/><line nr="345" mi="0" ci="3" mb="0" cb="0"/><line nr="347" mi="0" ci="7" mb="0" cb="0"/><line nr="348" mi="0" ci="2" mb="0" cb="2"/><line nr="349" mi="0" ci="9" mb="0" cb="0"/><line nr="350" mi="0" ci="9" mb="0" cb="0"/><line nr="352" mi="0" ci="8" mb="1" cb="3"/><line nr="353" mi="2" ci="0" mb="0" cb="0"/><line nr="355" mi="0" ci="3" mb="0" cb="0"/><line nr="356" mi="0" ci="3" mb="0" cb="0"/><line nr="357" mi="0" ci="7" mb="0" cb="0"/><line nr="358" mi="0" ci="7" mb="0" cb="0"/><line nr="361" mi="0" ci="4" mb="0" cb="0"/><line nr="362" mi="0" ci="4" mb="0" cb="0"/><line nr="363" mi="0" ci="4" mb="0" cb="0"/><line nr="364" mi="0" ci="6" mb="0" cb="0"/><line nr="365" mi="0" ci="13" mb="0" cb="0"/><line nr="371" mi="0" ci="4" mb="0" cb="0"/><line nr="372" mi="0" ci="3" mb="0" cb="0"/><line nr="373" mi="0" ci="3" mb="0" cb="0"/><line nr="374" mi="0" ci="3" mb="0" cb="0"/><line nr="375" mi="0" ci="2" mb="0" cb="0"/><line nr="396" mi="0" ci="3" mb="0" cb="0"/><line nr="397" mi="0" ci="1" mb="0" cb="0"/><line nr="408" mi="0" ci="3" mb="0" cb="0"/><line nr="429" mi="0" ci="3" mb="0" cb="0"/><line nr="430" mi="0" ci="1" mb="0" cb="0"/><line nr="441" mi="0" ci="3" mb="0" cb="0"/><line nr="458" mi="0" ci="3" mb="0" cb="0"/><line nr="459" mi="0" ci="1" mb="0" cb="0"/><line nr="469" mi="0" ci="3" mb="0" cb="0"/><line nr="486" mi="0" ci="3" mb="0" cb="0"/><line nr="487" mi="0" ci="1" mb="0" cb="0"/><line nr="497" mi="0" ci="3" mb="0" cb="0"/><line nr="503" mi="0" ci="3" mb="0" cb="0"/><line nr="504" mi="0" ci="3" mb="0" cb="0"/><line nr="505" mi="0" ci="1" mb="0" cb="0"/><line nr="510" mi="0" ci="3" mb="0" cb="0"/><line nr="511" mi="0" ci="3" mb="0" cb="0"/><line nr="512" mi="0" ci="1" mb="0" cb="0"/><line nr="521" mi="0" ci="3" mb="0" cb="0"/><line nr="522" mi="0" ci="4" mb="0" cb="0"/><line nr="523" mi="0" ci="6" mb="0" cb="0"/><line nr="524" mi="0" ci="1" mb="0" cb="0"/><line nr="534" mi="0" ci="2" mb="0" cb="2"/><line nr="535" mi="0" ci="2" mb="0" cb="0"/><line nr="537" mi="0" ci="7" mb="0" cb="0"/><line nr="538" mi="0" ci="2" mb="0" cb="2"/><line nr="539" mi="0" ci="2" mb="0" cb="0"/><line nr="541" mi="0" ci="3" mb="0" cb="0"/><line nr="542" mi="0" ci="3" mb="0" cb="0"/><line nr="543" mi="0" ci="11" mb="0" cb="0"/><line nr="544" mi="0" ci="11" mb="0" cb="0"/><line nr="545" mi="0" ci="15" mb="0" cb="0"/><line nr="563" mi="0" ci="2" mb="0" cb="2"/><line nr="564" mi="0" ci="2" mb="0" cb="0"/><line nr="566" mi="0" ci="7" mb="0" cb="0"/><line nr="567" mi="0" ci="2" mb="0" cb="2"/><line nr="568" mi="0" ci="2" mb="0" cb="0"/><line nr="570" mi="0" ci="3" mb="0" cb="0"/><line nr="571" mi="0" ci="3" mb="0" cb="0"/><line nr="572" mi="0" ci="11" mb="0" cb="0"/><line nr="573" mi="0" ci="11" mb="0" cb="0"/><line nr="574" mi="0" ci="15" mb="0" cb="0"/><line nr="647" mi="2" ci="0" mb="0" cb="0"/><line nr="648" mi="3" ci="0" mb="0" cb="0"/><line nr="649" mi="3" ci="0" mb="0" cb="0"/><line nr="650" mi="1" ci="0" mb="0" cb="0"/><line nr="661" mi="2" ci="0" mb="0" cb="0"/><line nr="662" mi="2" ci="0" mb="0" cb="0"/><line nr="663" mi="2" ci="0" mb="2" cb="0"/><line nr="664" mi="3" ci="0" mb="4" cb="0"/><line nr="666" mi="3" ci="0" mb="0" cb="0"/><line nr="667" mi="1" ci="0" mb="0" cb="0"/><line nr="669" mi="7" ci="0" mb="0" cb="0"/><line nr="670" mi="1" ci="0" mb="0" cb="0"/><line nr="672" mi="10" ci="0" mb="2" cb="0"/><line nr="675" mi="4" ci="0" mb="0" cb="0"/><line nr="676" mi="1" ci="0" mb="0" cb="0"/><line nr="678" mi="8" ci="0" mb="4" cb="0"/><line nr="679" mi="4" ci="0" mb="0" cb="0"/><line nr="684" mi="6" ci="0" mb="0" cb="0"/><line nr="759" mi="0" ci="2" mb="0" cb="0"/><line nr="760" mi="0" ci="3" mb="0" cb="0"/><line nr="761" mi="0" ci="3" mb="0" cb="0"/><line nr="762" mi="0" ci="8" mb="0" cb="0"/><line nr="763" mi="0" ci="8" mb="0" cb="0"/><line nr="764" mi="0" ci="3" mb="0" cb="0"/><line nr="765" mi="0" ci="3" mb="0" cb="0"/><line nr="766" mi="0" ci="7" mb="0" cb="0"/><line nr="767" mi="0" ci="3" mb="0" cb="2"/><line nr="768" mi="0" ci="4" mb="0" cb="0"/><line nr="770" mi="0" ci="1" mb="0" cb="0"/><line nr="775" mi="0" ci="3" mb="1" cb="1"/><line nr="776" mi="4" ci="0" mb="0" cb="0"/><line nr="778" mi="0" ci="11" mb="0" cb="0"/><line nr="779" mi="0" ci="11" mb="0" cb="0"/><line nr="780" mi="0" ci="6" mb="0" cb="0"/><line nr="781" mi="0" ci="1" mb="0" cb="0"/><line nr="786" mi="0" ci="5" mb="0" cb="0"/><line nr="787" mi="0" ci="5" mb="0" cb="0"/><line nr="788" mi="0" ci="5" mb="0" cb="0"/><line nr="789" mi="0" ci="5" mb="0" cb="0"/><line nr="790" mi="0" ci="1" mb="0" cb="0"/><line nr="795" mi="0" ci="5" mb="0" cb="0"/><line nr="796" mi="0" ci="5" mb="0" cb="0"/><line nr="797" mi="0" ci="1" mb="0" cb="0"/><line nr="803" mi="0" ci="1" mb="0" cb="0"/><line nr="808" mi="0" ci="5" mb="0" cb="0"/><line nr="809" mi="0" ci="5" mb="0" cb="0"/><line nr="810" mi="0" ci="1" mb="0" cb="0"/><line nr="816" mi="0" ci="1" mb="0" cb="0"/><line nr="822" mi="0" ci="1" mb="0" cb="0"/><line nr="828" mi="0" ci="1" mb="0" cb="0"/><counter type="INSTRUCTION" missed="120" covered="512"/><counter type="BRANCH" missed="21" covered="20"/><counter type="LINE" missed="31" covered="121"/><counter type="COMPLEXITY" missed="16" covered="39"/><counter type="METHOD" missed="2" covered="31"/><counter type="CLASS" missed="1" covered="3"/></sourcefile><sourcefile name="Reveal.java"><line nr="127" mi="0" ci="5" mb="0" cb="0"/><line nr="137" mi="0" ci="10" mb="0" cb="0"/><line nr="143" mi="0" ci="6" mb="0" cb="0"/><line nr="161" mi="0" ci="6" mb="0" cb="0"/><line nr="167" mi="0" ci="6" mb="0" cb="0"/><line nr="199" mi="0" ci="6" mb="0" cb="0"/><line nr="204" mi="0" ci="6" mb="0" cb="0"/><line nr="210" mi="0" ci="6" mb="0" cb="0"/><line nr="216" mi="0" ci="6" mb="0" cb="0"/><line nr="226" mi="0" ci="3" mb="0" cb="0"/><line nr="227" mi="0" ci="1" mb="0" cb="0"/><line nr="235" mi="0" ci="2" mb="0" cb="0"/><line nr="236" mi="0" ci="3" mb="0" cb="0"/><line nr="237" mi="0" ci="1" mb="0" cb="0"/><line nr="247" mi="0" ci="4" mb="0" cb="0"/><line nr="248" mi="0" ci="7" mb="0" cb="0"/><line nr="249" mi="0" ci="3" mb="0" cb="0"/><line nr="250" mi="2" ci="5" mb="1" cb="1"/><line nr="251" mi="4" ci="0" mb="0" cb="0"/><line nr="252" mi="3" ci="0" mb="2" cb="0"/><line nr="253" mi="7" ci="0" mb="0" cb="0"/><line nr="254" mi="3" ci="0" mb="2" cb="0"/><line nr="255" mi="9" ci="0" mb="0" cb="0"/><line nr="256" mi="3" ci="0" mb="2" cb="0"/><line nr="257" mi="9" ci="0" mb="0" cb="0"/><line nr="258" mi="3" ci="0" mb="2" cb="0"/><line nr="259" mi="8" ci="0" mb="0" cb="0"/><line nr="260" mi="3" ci="0" mb="2" cb="0"/><line nr="261" mi="8" ci="0" mb="0" cb="0"/><line nr="262" mi="3" ci="0" mb="2" cb="0"/><line nr="263" mi="8" ci="0" mb="0" cb="0"/><line nr="264" mi="3" ci="0" mb="2" cb="0"/><line nr="265" mi="8" ci="0" mb="0" cb="0"/><line nr="266" mi="3" ci="0" mb="2" cb="0"/><line nr="267" mi="8" ci="0" mb="0" cb="0"/><line nr="268" mi="3" ci="0" mb="2" cb="0"/><line nr="269" mi="7" ci="0" mb="0" cb="0"/><line nr="270" mi="3" ci="0" mb="2" cb="0"/><line nr="271" mi="7" ci="0" mb="0" cb="0"/><line nr="272" mi="3" ci="0" mb="2" cb="0"/><line nr="273" mi="10" ci="0" mb="0" cb="0"/><line nr="274" mi="3" ci="0" mb="2" cb="0"/><line nr="275" mi="9" ci="0" mb="0" cb="0"/><line nr="278" mi="0" ci="2" mb="0" cb="0"/><line nr="279" mi="0" ci="1" mb="0" cb="0"/><line nr="293" mi="0" ci="8" mb="0" cb="0"/><line nr="305" mi="0" ci="12" mb="0" cb="0"/><line nr="313" mi="0" ci="5" mb="0" cb="0"/><line nr="333" mi="0" ci="5" mb="0" cb="0"/><line nr="334" mi="0" ci="6" mb="0" cb="0"/><line nr="335" mi="0" ci="9" mb="0" cb="0"/><line nr="336" mi="0" ci="6" mb="0" cb="0"/><line nr="345" mi="0" ci="5" mb="0" cb="0"/><line nr="364" mi="0" ci="6" mb="0" cb="0"/><line nr="365" mi="0" ci="8" mb="0" cb="0"/><line nr="366" mi="0" ci="5" mb="0" cb="0"/><line nr="381" mi="0" ci="3" mb="0" cb="0"/><line nr="382" mi="0" ci="13" mb="0" cb="0"/><line nr="413" mi="0" ci="7" mb="1" cb="3"/><line nr="414" mi="0" ci="2" mb="0" cb="0"/><line nr="416" mi="0" ci="10" mb="0" cb="0"/><line nr="421" mi="0" ci="3" mb="0" cb="0"/><line nr="422" mi="0" ci="3" mb="0" cb="0"/><line nr="423" mi="0" ci="2" mb="0" cb="0"/><line nr="436" mi="0" ci="3" mb="0" cb="0"/><line nr="437" mi="0" ci="1" mb="0" cb="0"/><line nr="445" mi="0" ci="3" mb="0" cb="0"/><line nr="461" mi="0" ci="3" mb="0" cb="0"/><line nr="462" mi="0" ci="1" mb="0" cb="0"/><line nr="473" mi="0" ci="3" mb="0" cb="0"/><line nr="489" mi="0" ci="3" mb="0" cb="0"/><line nr="490" mi="0" ci="1" mb="0" cb="0"/><line nr="501" mi="0" ci="3" mb="0" cb="0"/><line nr="515" mi="0" ci="3" mb="0" cb="0"/><line nr="516" mi="0" ci="1" mb="0" cb="0"/><line nr="527" mi="0" ci="3" mb="0" cb="0"/><line nr="542" mi="0" ci="3" mb="0" cb="0"/><line nr="543" mi="0" ci="1" mb="0" cb="0"/><line nr="553" mi="0" ci="3" mb="0" cb="0"/><line nr="568" mi="0" ci="3" mb="0" cb="0"/><line nr="569" mi="0" ci="1" mb="0" cb="0"/><line nr="580" mi="0" ci="3" mb="0" cb="0"/><line nr="595" mi="0" ci="3" mb="0" cb="0"/><line nr="596" mi="0" ci="1" mb="0" cb="0"/><line nr="607" mi="0" ci="3" mb="0" cb="0"/><line nr="634" mi="0" ci="3" mb="0" cb="0"/><line nr="635" mi="0" ci="1" mb="0" cb="0"/><line nr="650" mi="0" ci="3" mb="0" cb="0"/><line nr="667" mi="0" ci="3" mb="0" cb="0"/><line nr="668" mi="0" ci="1" mb="0" cb="0"/><line nr="678" mi="0" ci="3" mb="0" cb="0"/><line nr="695" mi="0" ci="3" mb="0" cb="0"/><line nr="696" mi="0" ci="1" mb="0" cb="0"/><line nr="706" mi="0" ci="3" mb="0" cb="0"/><line nr="722" mi="0" ci="3" mb="0" cb="0"/><line nr="723" mi="0" ci="1" mb="0" cb="0"/><line nr="734" mi="0" ci="3" mb="0" cb="0"/><line nr="750" mi="0" ci="3" mb="0" cb="0"/><line nr="751" mi="0" ci="1" mb="0" cb="0"/><line nr="762" mi="0" ci="3" mb="0" cb="0"/><line nr="785" mi="0" ci="7" mb="0" cb="0"/><line nr="786" mi="0" ci="1" mb="0" cb="0"/><line nr="796" mi="0" ci="3" mb="0" cb="0"/><line nr="819" mi="0" ci="7" mb="0" cb="0"/><line nr="820" mi="0" ci="1" mb="0" cb="0"/><line nr="830" mi="0" ci="3" mb="0" cb="0"/><line nr="841" mi="0" ci="3" mb="0" cb="0"/><line nr="842" mi="0" ci="4" mb="0" cb="0"/><line nr="843" mi="0" ci="2" mb="0" cb="2"/><line nr="844" mi="0" ci="2" mb="0" cb="0"/><line nr="846" mi="0" ci="10" mb="0" cb="0"/><line nr="847" mi="0" ci="4" mb="0" cb="0"/><line nr="848" mi="0" ci="2" mb="0" cb="0"/><line nr="859" mi="0" ci="3" mb="0" cb="0"/><line nr="860" mi="0" ci="4" mb="0" cb="0"/><line nr="861" mi="0" ci="2" mb="0" cb="2"/><line nr="862" mi="0" ci="2" mb="0" cb="0"/><line nr="864" mi="0" ci="10" mb="0" cb="0"/><line nr="865" mi="0" ci="4" mb="0" cb="0"/><line nr="866" mi="0" ci="2" mb="0" cb="0"/><line nr="877" mi="0" ci="3" mb="0" cb="2"/><line nr="878" mi="0" ci="8" mb="0" cb="0"/><line nr="880" mi="0" ci="4" mb="0" cb="0"/><line nr="882" mi="0" ci="11" mb="0" cb="2"/><line nr="883" mi="0" ci="11" mb="0" cb="2"/><line nr="884" mi="0" ci="8" mb="0" cb="0"/><line nr="885" mi="0" ci="8" mb="0" cb="0"/><line nr="887" mi="0" ci="4" mb="0" cb="0"/><line nr="888" mi="0" ci="13" mb="0" cb="2"/><line nr="889" mi="0" ci="13" mb="0" cb="2"/><line nr="890" mi="0" ci="1" mb="0" cb="0"/><line nr="901" mi="0" ci="3" mb="0" cb="0"/><line nr="913" mi="0" ci="11" mb="0" cb="0"/><line nr="914" mi="0" ci="3" mb="0" cb="0"/><line nr="915" mi="0" ci="3" mb="0" cb="0"/><line nr="916" mi="0" ci="3" mb="0" cb="0"/><line nr="917" mi="0" ci="6" mb="0" cb="0"/><line nr="918" mi="0" ci="4" mb="0" cb="0"/><line nr="919" mi="0" ci="6" mb="0" cb="0"/><line nr="921" mi="0" ci="2" mb="0" cb="3"/><line nr="923" mi="0" ci="7" mb="0" cb="0"/><line nr="924" mi="0" ci="1" mb="0" cb="0"/><line nr="926" mi="0" ci="5" mb="0" cb="0"/><line nr="927" mi="0" ci="1" mb="0" cb="0"/><line nr="930" mi="0" ci="4" mb="0" cb="0"/><line nr="934" mi="0" ci="2" mb="0" cb="3"/><line nr="936" mi="0" ci="7" mb="0" cb="0"/><line nr="937" mi="0" ci="1" mb="0" cb="0"/><line nr="939" mi="0" ci="5" mb="0" cb="0"/><line nr="940" mi="0" ci="1" mb="0" cb="0"/><line nr="943" mi="0" ci="4" mb="0" cb="0"/><line nr="946" mi="0" ci="2" mb="0" cb="0"/><line nr="959" mi="0" ci="3" mb="0" cb="2"/><line nr="961" mi="0" ci="4" mb="0" cb="0"/><line nr="962" mi="0" ci="2" mb="0" cb="0"/><line nr="963" mi="0" ci="1" mb="0" cb="0"/><line nr="966" mi="0" ci="2" mb="0" cb="0"/><line nr="967" mi="0" ci="4" mb="0" cb="0"/><line nr="970" mi="0" ci="11" mb="0" cb="0"/><line nr="988" mi="0" ci="4" mb="0" cb="0"/><line nr="989" mi="0" ci="4" mb="0" cb="0"/><line nr="990" mi="0" ci="4" mb="0" cb="0"/><line nr="991" mi="0" ci="4" mb="0" cb="0"/><line nr="992" mi="0" ci="3" mb="0" cb="0"/><line nr="993" mi="0" ci="6" mb="0" cb="2"/><line nr="994" mi="0" ci="7" mb="0" cb="0"/><line nr="996" mi="0" ci="8" mb="0" cb="0"/><line nr="998" mi="0" ci="6" mb="0" cb="2"/><line nr="999" mi="0" ci="7" mb="0" cb="0"/><line nr="1001" mi="0" ci="8" mb="0" cb="0"/><line nr="1003" mi="0" ci="4" mb="0" cb="0"/><line nr="1019" mi="0" ci="6" mb="0" cb="0"/><line nr="1021" mi="0" ci="4" mb="0" cb="0"/><line nr="1022" mi="0" ci="7" mb="0" cb="0"/><line nr="1036" mi="0" ci="3" mb="0" cb="0"/><line nr="1079" mi="0" ci="2" mb="0" cb="0"/><line nr="1080" mi="0" ci="3" mb="0" cb="0"/><line nr="1081" mi="0" ci="3" mb="0" cb="0"/><line nr="1082" mi="0" ci="3" mb="0" cb="0"/><line nr="1083" mi="0" ci="1" mb="0" cb="0"/><line nr="1088" mi="0" ci="5" mb="0" cb="0"/><line nr="1089" mi="0" ci="1" mb="0" cb="0"/><line nr="1094" mi="0" ci="5" mb="0" cb="0"/><line nr="1095" mi="0" ci="1" mb="0" cb="0"/><counter type="INSTRUCTION" missed="140" covered="668"/><counter type="BRANCH" missed="26" covered="30"/><counter type="LINE" missed="25" covered="159"/><counter type="COMPLEXITY" missed="14" covered="67"/><counter type="METHOD" missed="0" covered="52"/><counter type="CLASS" missed="0" covered="3"/></sourcefile><sourcefile name="NavigationalTransitionCompat.java"><line nr="46" mi="0" ci="2" mb="0" cb="0"/><line nr="47" mi="0" ci="1" mb="0" cb="0"/><line nr="58" mi="0" ci="3" mb="0" cb="0"/><line nr="59" mi="0" ci="1" mb="0" cb="0"/><counter type="INSTRUCTION" missed="0" covered="7"/><counter type="LINE" missed="0" covered="4"/><counter type="COMPLEXITY" missed="0" covered="2"/><counter type="METHOD" missed="0" covered="2"/><counter type="CLASS" missed="0" covered="1"/></sourcefile><counter type="INSTRUCTION" missed="353" covered="2556"/><counter type="BRANCH" missed="65" covered="162"/><counter type="LINE" missed="77" covered="599"/><counter type="COMPLEXITY" missed="43" covered="264"/><counter type="METHOD" missed="5" covered="186"/><counter type="CLASS" missed="1" covered="17"/></package><counter type="INSTRUCTION" missed="360" covered="2948"/><counter type="BRANCH" missed="74" covered="215"/><counter type="LINE" missed="81" covered="702"/><counter type="COMPLEXITY" missed="52" covered="325"/><counter type="METHOD" missed="5" covered="225"/><counter type="CLASS" missed="1" covered="22"/></report>